[1/1] Generating write_version_file with a custom command
+ /Volumes/T7Shield/SWEN777/SWEN_777_Pandas/venv/bin/ninja
============================= test session starts ==============================
platform darwin -- Python 3.13.5, pytest-8.4.2, pluggy-1.6.0
PyQt5 5.15.11 -- Qt runtime 5.15.17 -- Qt compiled 5.15.14
rootdir: /Volumes/T7Shield/SWEN777/SWEN_777_Pandas
configfile: pyproject.toml
plugins: anyio-4.11.0, hypothesis-6.140.3, cov-7.0.0, cython-0.3.1, localserver-0.9.0.post0, qt-4.5.0, xdist-3.8.0
collected 15 items

pandas/tests/test_nanops_additional.py .....
pandas/tests/test_series_constructors_additional.py .....
pandas/tests/tseries/offsets/test_offsets.py .....

- generated xml file: /Volumes/T7Shield/SWEN777/SWEN_777_Pandas/test-data.xml --
================================ tests coverage ================================
_______________ coverage: platform darwin, python 3.13.5-final-0 _______________

Name                                                                Stmts   Miss Branch BrPart  Cover   Missing
---------------------------------------------------------------------------------------------------------------
pandas/__init__.py                                                     36      6      2      0    84%   184-190
pandas/_config/__init__.py                                              8      0      0      0   100%
pandas/_config/config.py                                              267    109    104     21    53%   127-128, 130, 267, 271, 277->281, 285, 329-338, 382-395, 399-400, 413-422, 425-436, 439, 495-512, 552, 554, 565, 567, 574, 580, 629-634, 654, 680, 701, 716-732, 738-760, 837, 858, 862, 873-879, 905-906, 931-933
pandas/_config/dates.py                                                 7      0      0      0   100%
pandas/_config/display.py                                              24      7      6      3    67%   27-28, 32-38, 42, 46->49
pandas/_config/localization.py                                         46     33      8      0    24%   48-58, 78-85, 105, 144-176
pandas/_libs/__init__.py                                                5      0      0      0   100%
pandas/_libs/tslibs/__init__.py                                        14      0      0      0   100%
pandas/_libs/window/__init__.py                                         0      0      0      0   100%
pandas/_testing/__init__.py                                           184     86     48      2    43%   109, 240-243, 286-311, 319-324, 337, 341, 349, 354, 373-374, 391-393, 413-416, 433-441, 449, 453, 457, 461, 465, 469, 481-483, 490-534
pandas/_testing/_hypothesis.py                                         19     19      2      0     0%   5-71
pandas/_testing/_io.py                                                 56     42     16      0    19%   54-59, 80-86, 108-146
pandas/_testing/_warnings.py                                           71     57     36      0    13%   99-137, 149-152, 163-188, 202-231, 240-243, 250-264
pandas/_testing/asserters.py                                          425    382    232      0     7%   93-143, 164-170, 177-178, 236-359, 368-393, 410-432, 437-443, 471-504, 525-535, 539-542, 548-554, 560-564, 570-606, 642-688, 752-834, 937-1126, 1248-1323, 1352-1379, 1391-1412, 1416-1417, 1429-1435, 1451, 1459-1465, 1474-1479
pandas/_testing/compat.py                                              11      6      4      0    33%   16-20, 28-30
pandas/_testing/contexts.py                                            68     48     18      0    23%   49-50, 74-94, 111-126, 149-160, 164-184
pandas/api/__init__.py                                                  2      0      0      0   100%
pandas/api/executors/__init__.py                                        2      0      0      0   100%
pandas/api/extensions/__init__.py                                       6      0      0      0   100%
pandas/api/indexers/__init__.py                                         3      0      0      0   100%
pandas/api/interchange/__init__.py                                      3      0      0      0   100%
pandas/api/internals.py                                                10     10      0      0     0%   1-62
pandas/api/types/__init__.py                                            5      0      0      0   100%
pandas/api/typing/__init__.py                                          12      0      0      0   100%
pandas/arrays/__init__.py                                               2      0      0      0   100%
pandas/compat/__init__.py                                              30     11      0      0    63%   48-51, 63, 87, 99, 111, 125, 137, 150
pandas/compat/_constants.py                                            11      0      0      0   100%
pandas/compat/_optional.py                                             48     15     20      7    59%   80, 83, 88->exit, 98->exit, 159-162, 167-168, 172->191, 175-189
pandas/compat/numpy/__init__.py                                        24      6      4      2    71%   18, 37-42
pandas/compat/numpy/function.py                                       148     53     32      2    54%   73-93, 106-110, 120-122, 132-134, 167-173, 183->exit, 187->exit, 199-208, 228-235, 329-335, 355-358, 372-376
pandas/compat/pickle_compat.py                                         58     37     10      0    31%   68-70, 75-93, 98-112, 127-128, 138-143
pandas/compat/pyarrow.py                                               30     13      0      0    57%   23-35
pandas/conftest.py                                                    507    183     30      5    62%   89-90, 126-127, 174-176, 258, 271, 279, 287, 295, 303, 312, 320, 328, 336, 354, 372, 380, 388, 396, 404, 412, 420, 428, 436, 444, 456, 464, 475, 486, 498, 515, 528, 536, 545, 557-561, 570-583, 595-604, 612, 624-625, 704->709, 721, 733-734, 760-771, 782, 794-796, 804, 829, 849, 872, 885, 899, 911-924, 947, 960, 997, 1027, 1051, 1062, 1073, 1090, 1103, 1117, 1128, 1139, 1161-1173, 1196->1206, 1215, 1224, 1229->1233, 1238, 1249, 1267, 1294-1295, 1311, 1327, 1343, 1368, 1384, 1400, 1411, 1439-1445, 1456, 1467, 1475, 1489, 1500, 1514, 1526, 1541, 1555, 1568, 1586, 1603, 1629, 1649, 1686, 1699, 1720, 1743, 1780, 1812, 1846, 1921-1925, 1938-1947, 1967-1980, 1994, 2003, 2022, 2030, 2038, 2046, 2054, 2062, 2070, 2079-2080, 2088, 2092->2096, 2101, 2110-2112, 2117-2118
pandas/core/__init__.py                                                 0      0      0      0   100%
pandas/core/_numba/__init__.py                                          0      0      0      0   100%
pandas/core/_numba/executor.py                                         76     62     32      0    13%   25-56, 64-112, 207-245
pandas/core/_numba/extensions.py                                      318    318     38      0     0%   11-586
pandas/core/_numba/kernels/__init__.py                                  5      5      0      0     0%   1-18
pandas/core/_numba/kernels/mean_.py                                    91     91     36      0     0%   10-198
pandas/core/_numba/kernels/min_max_.py                                 94     94     58      0     0%   10-179
pandas/core/_numba/kernels/shared.py                                   15     15      6      0     0%   1-29
pandas/core/_numba/kernels/sum_.py                                    121    121     40      0     0%   10-255
pandas/core/_numba/kernels/var_.py                                    119    119     38      0     0%   10-251
pandas/core/accessor.py                                                87     25     12      1    72%   38, 44, 54-56, 65, 68, 71, 106, 109, 125, 228, 284-297, 328-330, 359-361, 393-395
pandas/core/algorithms.py                                             435    321    200     19    23%   133->137, 142-147, 152-153, 156-161, 166-186, 212-216, 233-248, 308, 422, 440-445, 450-473, 496-576, 621, 820-824, 832->841, 854-929, 948-961, 989-990, 1010-1036, 1070-1095, 1189-1218, 1274-1307, 1339-1425, 1484, 1496, 1501-1511, 1516, 1519, 1526, 1533-1538, 1544-1545, 1548-1552, 1559-1569, 1579-1584, 1610-1631, 1657-1714
pandas/core/api.py                                                     27      0      0      0   100%
pandas/core/apply.py                                                  815    655    260      0    15%   195-208, 237-257, 261, 267, 273, 284-296, 313-359, 365-383, 389-400, 410, 438-476, 481-497, 507, 538-602, 610-659, 670-694, 706-725, 737-771, 780-798, 811, 815, 820-838, 843-859, 878-880, 898, 903, 908, 916, 920, 924-931, 940, 946, 950, 954, 960-1008, 1011-1031, 1040-1077, 1082-1128, 1131-1156, 1159-1165, 1168-1182, 1185-1195, 1198-1216, 1221-1226, 1234, 1241-1263, 1266-1282, 1286, 1290, 1297-1331, 1338-1339, 1343-1375, 1382-1405, 1408-1426, 1430, 1434, 1443-1455, 1459-1468, 1485, 1496-1513, 1516-1523, 1526-1527, 1539-1551, 1555-1578, 1594-1596, 1614-1635, 1640-1674, 1689, 1744-1770, 1794, 1829-1857, 1872, 1913-1959, 1963-1979, 2007-2020, 2048-2064, 2090-2100, 2104
pandas/core/array_algos/__init__.py                                     0      0      0      0   100%
pandas/core/array_algos/datetimelike_accumulations.py                  26     17      4      0    30%   37-61, 65, 69, 73
pandas/core/array_algos/masked_accumulations.py                        26     18      6      0    25%   42-73, 79, 85, 91, 97
pandas/core/array_algos/masked_reductions.py                           50     35     20      0    21%   54-69, 80, 93, 121-133, 143, 153, 163-165, 176-181, 194-199
pandas/core/array_algos/putmask.py                                     44     32     22      0    18%   43-60, 76-99, 108-113, 120-127, 139-150
pandas/core/array_algos/quantile.py                                    45     37     16      0    13%   36-41, 79-108, 137-145, 181-218
pandas/core/array_algos/replace.py                                     51     40     22      0    15%   36-43, 66-111, 133-157
pandas/core/array_algos/take.py                                       180    115     96     16    29%   38->exit, 48->exit, 94, 96-100, 105-112, 126-127, 137, 140-141, 155, 163, 177-224, 239-243, 250-262, 277->281, 283-285, 296-309, 315-324, 472-484, 496-513, 526-527, 534-544
pandas/core/array_algos/transforms.py                                  21     17     10      0    13%   21-50
pandas/core/arraylike.py                                              215    138     60      0    28%   37, 41, 45, 49, 53, 57, 61, 67, 71, 75, 79, 83, 87, 91, 97, 189, 193, 197, 201, 205, 209, 213, 217, 221, 225, 229, 233, 237, 241, 245, 249, 264-415, 425-430, 440-465, 472-476, 487-492, 499-530
pandas/core/arrays/__init__.py                                         16      0      0      0   100%
pandas/core/arrays/_arrow_string_mixins.py                            205    156     64      0    18%   52-53, 56, 59, 62-66, 69-73, 76-80, 88-110, 115-132, 137-151, 158-164, 177-193, 196, 199, 202, 205-212, 215-218, 223-235, 240-252, 255-256, 259-260, 263-264, 267-268, 271-272, 275-276, 279-280, 283-284, 287-288, 291-292, 302-310, 319-324, 333-338, 341-372
pandas/core/arrays/_mixins.py                                         212    146     60      2    25%   79-86, 108, 120-148, 158-168, 173-177, 181-182, 185, 188, 193-196, 203-206, 211-214, 217-218, 227-231, 240-241, 246-250, 253-255, 258, 261->exit, 264->exit, 273-289, 299-320, 324-355, 361-363, 382-384, 400-409, 428-439, 459-477, 486-498, 515-517
pandas/core/arrays/_ranges.py                                          70     33     22      6    47%   64-65, 70-71, 78-81, 85-89, 134-135, 141-160, 172, 182, 184-204
pandas/core/arrays/_utils.py                                           39     22     24      5    35%   27-39, 44, 46->58, 49-56, 59-62
pandas/core/arrays/arrow/__init__.py                                    3      0      0      0   100%
pandas/core/arrays/arrow/_arrow_utils.py                               20     20      4      0     0%   1-50
pandas/core/arrays/arrow/accessors.py                                  98     67     22      0    26%   36-38, 42, 45-52, 56, 70, 77, 113-116, 156-189, 192, 224-229, 248, 257, 291-299, 413-456, 496-499
pandas/core/arrays/arrow/array.py                                    1360   1047    524     33    18%   120-129, 137-161, 221-234, 297-298, 304, 316-319, 328-393, 400, 403-467, 485-487, 503-527, 545-650, 679-697, 702, 706, 711, 719-727, 731, 736, 739, 742, 750-764, 768, 776, 781, 787-795, 798-801, 806, 809, 814-816, 819-824, 827-854, 857-861, 867-926, 931-953, 956-972, 975-979, 986, 993, 1003, 1007-1015, 1031-1034, 1037->exit, 1040->exit, 1098, 1101->exit, 1104->exit, 1162, 1175, 1184-1197, 1200, 1203, 1215, 1225, 1235-1259, 1270-1302, 1306-1312, 1328-1329, 1341-1346, 1350-1351, 1359, 1395, 1404-1421, 1485, 1487, 1490-1506, 1511-1512, 1517-1522, 1526-1537, 1541-1548, 1551-1553, 1568-1569, 1573-1575, 1581-1583, 1585-1587, 1596->1598, 1598->1611, 1601-1610, 1614-1617, 1623-1641, 1651-1652, 1671-1690, 1705-1712, 1744-1780, 1790-1831, 1857-1987, 2015-2019, 2024-2041, 2049-2068, 2092-2148, 2159-2212, 2226, 2249-2273, 2291-2315, 2319-2324, 2342-2380, 2405-2424, 2450-2467, 2473-2485, 2497-2547, 2551, 2560-2562, 2565, 2568, 2571-2573, 2576-2580, 2583-2590, 2593-2595, 2598-2600, 2603-2605, 2608-2610, 2613-2625, 2628-2631, 2634-2655, 2658-2660, 2663-2665, 2668-2670, 2673-2675, 2684-2692, 2695-2701, 2706-2708, 2711-2715, 2719, 2729, 2739, 2749, 2759, 2769, 2779, 2788-2791, 2794-2795, 2798-2803, 2807-2808, 2812-2813, 2817-2818, 2825-2826, 2832-2833, 2836-2837, 2841-2842, 2846-2847, 2851-2858, 2862-2866, 2870-2874, 2878-2882, 2886-2893, 2897-2901, 2908-2911, 2915-2916, 2920-2921, 2925-2926, 2930-2931, 2935-2936, 2940-2941, 2945-2951, 2955, 2959, 2962-2963, 2966-2967, 2976-3005, 3013, 3021, 3029, 3032-3035, 3038-3041, 3044-3054, 3062-3080, 3083-3089, 3100-3105
pandas/core/arrays/arrow/extension_types.py                            89     89     10      0     0%   1-174
pandas/core/arrays/base.py                                            425    272    126     14    30%   385-386, 392->exit, 395->exit, 492-493, 502-512, 533, 564-569, 613, 622, 666->exit, 669->exit, 672->exit, 731-734, 737-738, 741-743, 746-748, 751, 797, 832, 879-882, 919-922, 953-956, 1131-1152, 1197-1227, 1254, 1287-1288, 1340-1355, 1380-1381, 1438-1441, 1479-1493, 1525, 1558, 1618-1625, 1672-1674, 1845-1847, 1871-1873, 1876-1890, 1937-1939, 1963, 1967, 1998, 2046, 2158-2171, 2193, 2231-2234, 2270-2272, 2298-2300, 2303-2304, 2343-2347, 2369-2374, 2389-2397, 2411-2414, 2436-2444, 2459-2464, 2484-2485, 2488-2511, 2533, 2574-2635, 2643->exit, 2646->exit, 2652->exit, 2655->exit, 2678-2695, 2703-2708, 2716-2721, 2790-2829, 2833, 2837
pandas/core/arrays/boolean.py                                         175    116     74      7    27%   78, 82, 86, 103, 107, 115-156, 177-183, 188-222, 226-238, 241, 310-312, 318, 340-359, 367->369, 372-404, 409-418
pandas/core/arrays/categorical.py                                     761    559    290     16    21%   126-186, 222-241, 377-379, 398, 407-408, 410-412, 417, 432-440, 447-455, 462-467, 476-483, 487-489, 520-521, 527, 530-535, 538->exit, 541->exit, 544->exit, 558-605, 631-676, 736-750, 857, 923-937, 952-955, 966-969, 1004, 1040, 1134-1151, 1220-1229, 1297-1304, 1349-1373, 1416-1433, 1473-1486, 1566-1583, 1596-1600, 1620-1629, 1633-1645, 1688-1699, 1703-1725, 1732-1742, 1746, 1771, 1790, 1812, 1835-1854, 1877-1884, 1899-1907, 1911-1912, 1969, 1972->exit, 1981->exit, 2058-2068, 2082-2085, 2106-2124, 2145-2167, 2177-2179, 2184-2186, 2194-2197, 2204-2207, 2216, 2222-2250, 2256-2279, 2282-2298, 2331-2360, 2388-2394, 2402-2409, 2426-2441, 2458-2473, 2476-2485, 2518, 2532-2537, 2541-2559, 2563-2589, 2605-2608, 2623, 2634-2644, 2686-2689, 2699-2716, 2720-2722, 2739-2793, 2929-2933, 2937-2938, 2941, 2944, 2968-2970, 2973-2978, 2993-2994, 3022-3037, 3059, 3065-3072, 3102
pandas/core/arrays/datetimelike.py                                    966    717    406     11    19%   184-195, 220, 313, 316-319, 351, 360-369, 372->exit, 375->exit, 388-395, 401-422, 438-447, 452, 459-509, 512->exit, 515->exit, 518->exit, 521->exit, 526, 533-566, 592-627, 644-658, 661-716, 719-724, 731-737, 746-754, 769-806, 847-853, 890-892, 923-928, 932-938, 946, 953, 957, 961, 967-1019, 1043-1053, 1062-1089, 1093-1123, 1127-1133, 1139-1152, 1156-1165, 1169-1185, 1189-1198, 1211-1221, 1233-1239, 1243-1250, 1261-1272, 1289-1296, 1302-1321, 1339-1358, 1361-1367, 1371-1427, 1431, 1435-1491, 1494-1532, 1535-1541, 1544-1550, 1561, 1575-1579, 1593-1597, 1644-1655, 1659-1665, 1668-1675, 1690-1753, 1809-1814, 2008-2017, 2026-2050, 2066-2091, 2106, 2135, 2179-2193, 2202-2208, 2213-2221, 2225-2243, 2252, 2261, 2270, 2277, 2282, 2288, 2303-2317, 2324-2326, 2336-2337, 2343-2351, 2359-2373, 2396-2416, 2426-2437, 2449-2461, 2471-2504, 2508->exit, 2512->exit, 2534, 2556-2566, 2582-2588
pandas/core/arrays/datetimes.py                                       638    430    290     26    26%   108->exit, 112->exit, 138-166, 235, 298-307, 333, 354-401, 420, 423, 429->432, 433, 436, 439-440, 444->446, 447, 462->468, 463->465, 466, 471-474, 479->493, 493->495, 496-510, 513-514, 519-522, 532-538, 541, 544-546, 553-555, 621, 626, 636, 643, 647, 653-657, 667-686, 697, 700-753, 761-765, 774-789, 797-828, 840-843, 912-925, 1073-1110, 1137, 1178-1185, 1238-1267, 1325-1338, 1393-1407, 1450-1452, 1491, 1535-1537, 1571-1580, 2271-2277, 2301-2309, 2378-2386, 2431-2516, 2528-2560, 2603-2631, 2658-2687, 2712-2720, 2745-2776, 2802-2829, 2856-2858, 2866, 2870, 2879-2883, 2916, 2953-3029
pandas/core/arrays/floating.py                                         32      0      0      0   100%
pandas/core/arrays/integer.py                                          68      1      2      1    97%   67
pandas/core/arrays/interval.py                                        602    404    198     22    28%   216, 234-271, 310, 316-329, 333, 335, 338-342, 345-349, 351-352, 354-358, 361-363, 374, 380->384, 396, 400, 610-633, 648-649, 651-652, 656-660, 662-663, 676-679, 686, 690, 695, 701, 707->exit, 710->exit, 713-729, 732-736, 740-815, 819, 823, 827, 831, 835, 839, 849-857, 862-876, 879-893, 919-928, 949-989, 992-995, 1014-1024, 1034-1037, 1040, 1043-1070, 1126-1139, 1143-1161, 1164-1175, 1178-1198, 1218-1220, 1228, 1265-1267, 1300-1302, 1334, 1362-1366, 1425-1438, 1476, 1528-1534, 1633-1641, 1656-1672, 1678-1724, 1789-1793, 1798-1807, 1824-1829, 1834-1842, 1850-1853, 1919-1922, 1927-1952, 1958-1968, 1974-1990, 1995-1999, 2022, 2025, 2027, 2030, 2035-2037
pandas/core/arrays/masked.py                                          724    568    290     12    17%   122-125, 132, 137, 140-141, 152-162, 167-176, 180, 187->exit, 190->exit, 193-202, 212-246, 250-272, 288-305, 308-322, 325-330, 333-346, 353, 360-362, 365-367, 370-372, 376-378, 382-389, 393, 419-425, 431, 434, 437, 440, 445, 513-538, 542-545, 548->exit, 551->exit, 554->exit, 557-600, 611-621, 629-700, 706-708, 716, 721-730, 733-823, 828-865, 876-912, 915, 919, 923, 931-933, 938-942, 954-978, 983-1000, 1003-1005, 1017-1048, 1054-1056, 1066-1067, 1076-1084, 1091-1121, 1125, 1144-1166, 1169-1171, 1175-1187, 1200-1228, 1236-1257, 1260-1268, 1271-1287, 1292-1294, 1304-1313, 1325-1334, 1339-1346, 1351-1359, 1364-1372, 1375-1382, 1385-1392, 1395, 1398->exit, 1403->exit, 1472-1483, 1486->exit, 1491->exit, 1560-1572, 1590-1624, 1629-1635, 1650-1685, 1696-1721
pandas/core/arrays/numeric.py                                         143     68     64     19    45%   55, 59, 63, 71-104, 118, 121-125, 147-148, 150->153, 155-162, 168, 171-174, 178-182, 185-186, 189, 195-202, 205, 209, 214-227, 231-232, 236, 255-260, 266, 290-293
pandas/core/arrays/numpy_.py                                          219    160     74      0    20%   108-123, 129-148, 151-166, 181-184, 191-238, 244-252, 255, 258-261, 264-268, 284-300, 318-339, 352-354, 364-366, 371-375, 380-384, 394-398, 408-412, 423-425, 436-440, 452-456, 468-472, 484-488, 499-503, 514-518, 529-541, 547, 550, 553, 556, 559-579, 586-590, 594-599
pandas/core/arrays/period.py                                          449    292    198     24    29%   114-116, 192, 229, 232-234, 237, 241, 247, 249, 261-263, 273-291, 297, 314-318, 324->327, 330, 336-338, 350-357, 360, 366-370, 385, 389, 394-411, 417-438, 750, 802-852, 857, 905-927, 933-935, 943, 952-967, 975-980, 992-999, 1019-1023, 1026-1032, 1045-1057, 1071-1094, 1116-1131, 1139-1142, 1161-1178, 1243, 1247-1249, 1253-1278, 1282->exit, 1286->exit, 1311, 1314-1320, 1348-1363, 1368, 1373->1377, 1377->1379, 1380, 1386, 1388, 1391-1397, 1402, 1410, 1425-1461, 1465-1476
pandas/core/arrays/sparse/__init__.py                                   3      0      0      0   100%
pandas/core/arrays/sparse/accessor.py                                 104     73     22      0    25%   36-37, 72-73, 76, 79-84, 142-148, 237-242, 268-270, 304-306, 342-364, 391-392, 427-446, 464-465, 469-488
pandas/core/arrays/sparse/array.py                                    776    639    314      4    13%   151-154, 176-262, 271-283, 384-498, 507-511, 539-555, 560-591, 597-598, 604, 608, 611-625, 635, 661, 665, 690, 694, 701-704, 708-710, 713, 717, 721, 740, 766, 773-778, 813-823, 826-850, 860-871, 877-879, 882-893, 897, 908-912, 927-952, 958->exit, 961->exit, 970-1058, 1061-1069, 1072-1085, 1090-1153, 1156-1176, 1184-1188, 1191-1192, 1196-1248, 1307-1327, 1369-1386, 1396, 1401-1404, 1411-1421, 1424-1427, 1436-1451, 1465-1472, 1486-1493, 1521-1537, 1557-1565, 1579-1588, 1605-1606, 1623-1624, 1639-1659, 1662-1685, 1688-1691, 1694-1697, 1706-1769, 1776-1806, 1809-1831, 1840-1848, 1851, 1854, 1857, 1860, 1876, 1900-1938, 1942->exit, 1946->exit, 1951-1958
pandas/core/arrays/sparse/scipy_sparse.py                              55     55     12      0     0%   7-208
pandas/core/arrays/string_.py                                         482    331    226     16    26%   140, 161->171, 165-169, 173-184, 188, 192, 201, 217-222, 229-230, 234, 237, 272, 276, 285, 306, 311-336, 344-374, 387-402, 406-408, 411-416, 425-469, 480-501, 506-545, 548-550, 642-647, 655-667, 671-678, 688-691, 698-701, 708, 723, 726-730, 734-736, 742-749, 752-754, 758-782, 785-803, 809, 815, 818-833, 836-866, 877-889, 919-971, 974-977, 980-984, 987-991, 1001-1005, 1008-1015, 1018-1021, 1030-1035, 1038-1099, 1110-1115, 1125-1127
pandas/core/arrays/string_arrow.py                                    245    134    100     10    35%   68-69, 143, 148, 152, 166-169, 175-178, 198->202, 205-208, 210, 222, 232-239, 242-263, 267-284, 287-302, 308-310, 312-313, 315, 360-365, 376-379, 384-387, 390-392, 395-398, 401-408, 411-425, 428-437, 440-447, 452-476, 479-485, 488-502, 505
pandas/core/arrays/timedeltas.py                                      434    301    174     10    24%   85-98, 157, 178-181, 200, 210-214, 237-245, 261-274, 282, 285, 290->293, 294, 297-298, 302->304, 305, 312, 315, 317, 326-332, 335, 339, 349-369, 372-385, 401-408, 420-427, 433-442, 448-450, 455-461, 467-468, 474-512, 521-561, 564-570, 578-592, 597-621, 626-642, 646-671, 675-689, 694-696, 701-703, 708-713, 718-723, 726-729, 732, 738, 797-798, 839, 1025-1052, 1095-1152, 1171-1192, 1227-1230, 1234-1248
pandas/core/base.py                                                   271    143     78      5    39%   104, 118, 129-135, 154, 163-169, 187-191, 195-198, 203, 208-221, 224-237, 260-267, 305-306, 358, 432-434, 467, 502, 670-707, 751, 815-825, 831-841, 878, 909-913, 945, 968-973, 1090, 1100-1106, 1144-1147, 1174, 1200-1202, 1228-1230, 1264-1273, 1297, 1301, 1307-1310, 1417->exit, 1425->exit, 1439-1451, 1459-1461, 1465-1468, 1471-1483
pandas/core/col.py                                                    125     87     20      0    26%   43, 48, 55-69, 80-81, 84, 87-100, 104, 107, 110, 113, 116, 119, 122, 125, 128, 131, 134, 137, 140, 143, 146, 149, 152, 155, 160-168, 172-186, 194-195, 198, 201-220, 262-280
pandas/core/common.py                                                 195    113     98     16    34%   81-85, 89-98, 132-144, 147-151, 169-175, 182, 203, 210, 227, 231->exit, 236, 238, 240, 243, 247-252, 255, 259-260, 280-291, 295-297, 305, 314, 326, 338-339, 347, 357-369, 384, 410-418, 422->exit, 426->exit, 451-460, 470->exit, 479->exit, 516-525, 534-540, 552-555, 579-586, 635, 654
pandas/core/computation/__init__.py                                     0      0      0      0   100%
pandas/core/computation/align.py                                      101     78     36      0    17%   46-55, 61, 68, 75-84, 91-149, 156-177, 200-227
pandas/core/computation/api.py                                          2      0      0      0   100%
pandas/core/computation/check.py                                        5      0      0      0   100%
pandas/core/computation/common.py                                      29     23      8      0    16%   14-16, 24-48
pandas/core/computation/engines.py                                     49     23      4      0    49%   38-43, 54-57, 65, 79-86, 96, 121-129, 142, 145
pandas/core/computation/eval.py                                       111     91     56      0    12%   58-79, 95-96, 102-106, 126-127, 154-156, 160-174, 330-451
pandas/core/computation/expr.py                                       357    213     94      1    33%   70-71, 89-96, 119-122, 170-171, 319, 338->336, 402-406, 409-420, 423-426, 429, 433-456, 459-464, 467-487, 496, 509-538, 541-543, 546-548, 551, 555, 559, 562, 566-567, 570-571, 577, 580-597, 601-611, 623-641, 644-665, 668-716, 719, 722-740, 743-745, 748-756, 778, 786, 814-819, 823, 826, 832, 838, 845-847
pandas/core/computation/expressions.py                                109     70     46      1    26%   49->55, 62-65, 72-74, 79-93, 97-134, 175, 180-192, 200-203, 215-224, 239-244, 259-263, 274-275, 279-280, 288-290
pandas/core/computation/ops.py                                        254    156     36      0    34%   78-80, 86-92, 96, 102, 105, 108-122, 134-140, 144, 148-157, 163, 167-172, 176, 180, 184, 188, 193, 197, 216-218, 221, 234-236, 240-242, 246, 250, 254-259, 267-275, 283-291, 330, 345-358, 376-379, 398-428, 435-461, 464-472, 508-514, 519-521, 528-535, 540-541, 545-546, 555-558, 561
pandas/core/computation/parsing.py                                     88     70     34      0    15%   37-79, 102-105, 127-135, 163-220, 239-252
pandas/core/computation/pytables.py                                   342    250    118      0    20%   61-62, 69-73, 76, 80-90, 95, 100-101, 104, 115-118, 121, 124-163, 167-171, 176, 184, 189, 194, 199, 203-204, 212-276, 281, 294-300, 304, 308-333, 336-339, 348, 366, 370-393, 399-400, 405-420, 428-431, 438-445, 448, 451-454, 459-473, 476-497, 500, 503, 524-530, 572-611, 620-635, 642-645, 649-657, 662-667
pandas/core/computation/scope.py                                      122     81     28      0    27%   35-39, 48-52, 59, 75-81, 87-88, 117-119, 152-187, 206, 225-245, 260-270, 284-293, 303-313, 329-337, 342, 355-356
pandas/core/config_init.py                                            200     22     12      3    85%   42-44, 56-58, 70-72, 289-291, 306-309, 344, 469-476, 631-633, 654-662
pandas/core/construction.py                                           252    130    162     31    45%   301-302, 304, 308, 313->316, 318-320, 326-398, 417->exit, 423->exit, 477-480, 488, 499-502, 505-508, 517-526, 556, 560, 568-570, 577-585, 594, 609, 624-627, 633, 641-645, 660, 696-704, 713, 728, 734-751, 768-774, 785, 815, 819-826, 831-837, 848
pandas/core/dtypes/__init__.py                                          0      0      0      0   100%
pandas/core/dtypes/api.py                                               2      0      0      0   100%
pandas/core/dtypes/astype.py                                          110     91     66      2    12%   42->exit, 48->exit, 76-132, 141-151, 169-185, 212-243, 258-303
pandas/core/dtypes/base.py                                            139     30     38     10    75%   117, 140-141, 151, 154, 165, 212, 238-239, 287, 330, 334-337, 367, 391-395, 412, 440, 449, 468-470, 474, 478, 538, 543->exit, 546->exit, 549->exit, 552->exit, 571, 577
pandas/core/dtypes/cast.py                                            741    593    496     40    15%   133, 135->139, 150, 171-178, 193-203, 215-229, 238-244, 248->exit, 252->exit, 262-288, 292->exit, 298->exit, 319-387, 404, 406, 408, 414->exit, 418->exit, 425-437, 473-479, 492-494, 500, 518-523, 526-528, 531-534, 537-541, 545-556, 559-574, 577-591, 594-595, 599, 601->628, 604-625, 629, 654, 668-670, 681-759, 774, 798-817, 847, 849-850, 863-868, 876-880, 925-1057, 1070-1097, 1116-1136, 1168-1212, 1233-1249, 1265-1275, 1279->exit, 1283->exit, 1287->exit, 1307-1342, 1348-1373, 1395-1423, 1429-1433, 1501-1509, 1514-1515, 1537-1574, 1590-1619, 1640, 1646-1648, 1657-1802, 1813-1815, 1835-1836
pandas/core/dtypes/common.py                                          324    192    130     20    36%   88-92, 112-116, 120-121, 236-244, 275-282, 320-323, 371-384, 422-426, 467-479, 525-537, 579-591, 640, 644, 647-648, 694-714, 844, 903, 974-980, 1027-1038, 1089-1095, 1134, 1169-1179, 1317, 1421, 1424-1425, 1428, 1433-1444, 1446, 1455, 1507-1521, 1573, 1592, 1595-1596, 1620, 1626, 1630, 1650, 1656-1658, 1662, 1666, 1670-1674, 1698-1743, 1761-1766, 1792-1794, 1826, 1832-1834, 1841-1847, 1861-1863, 1881, 1894-1905
pandas/core/dtypes/concat.py                                           99     87     50      0     8%   46-48, 72-130, 136-168, 274-336
pandas/core/dtypes/dtypes.py                                          939    538    332     39    36%   147, 152, 239-241, 247-253, 325-339, 343, 375, 383, 399-400, 405-411, 426-472, 492-528, 538-540, 559, 579, 585->592, 587, 590, 593, 612, 614, 676-678, 682-707, 711-713, 772, 776, 781, 786, 792-800, 802, 807-808, 810, 866-868, 888, 895-903, 907, 912, 917, 921-923, 950-961, 967-968, 971-975, 1045, 1048, 1053, 1070, 1097, 1101-1111, 1127-1130, 1134, 1138, 1142, 1146, 1149-1152, 1155, 1163-1173, 1183-1185, 1191-1214, 1218-1220, 1283, 1286-1292, 1296-1297, 1299-1300, 1305-1314, 1318-1319, 1322-1326, 1332-1340, 1344, 1361, 1371-1373, 1382, 1387, 1399, 1402-1407, 1411, 1414-1424, 1430-1433, 1441-1449, 1455-1479, 1482-1494, 1498-1500, 1525-1528, 1538, 1545, 1552, 1557, 1561, 1565-1573, 1583-1585, 1592, 1599, 1614-1618, 1623-1627, 1631, 1640, 1645, 1662-1673, 1680-1694, 1763-1786, 1791, 1796-1825, 1841, 1844-1870, 1877-1879, 1883, 1887, 1894, 1898, 1902, 1906, 1919-1921, 1951, 1956-1971, 1997-2007, 2011-2017, 2057-2073, 2099-2101, 2106-2135, 2193, 2195, 2206, 2209-2211, 2218-2265, 2278-2298, 2302-2305, 2310, 2320-2322, 2336, 2344-2367, 2378-2394, 2404, 2415, 2421-2438, 2444-2446
pandas/core/dtypes/generic.py                                          33      3      2      0    86%   51-54
pandas/core/dtypes/inference.py                                        60     29      2      0    50%   76, 101, 145-148, 184, 213-218, 250, 291, 334-335, 376, 427-428, 456-463, 494-499
pandas/core/dtypes/missing.py                                         255    172    158     17    26%   73->exit, 77->exit, 83->exit, 88->exit, 94->exit, 198, 208-220, 248, 250, 253, 262-274, 278-284, 288->exit, 292->exit, 298->exit, 303->exit, 309->exit, 391, 435-481, 485, 489, 495-542, 549-554, 563-577, 585-591, 598-600, 632-647, 654-657, 675-708, 715-738
pandas/core/flags.py                                                   33     18     12      0    33%   94, 98-107, 110-113, 116-118, 124-126
pandas/core/frame.py                                                 2463   1926   1210     86    17%   665, 668-682, 687-697, 710-903, 968-970, 993-997, 1020, 1045, 1075, 1082-1088, 1095-1108, 1117-1118, 1125-1165, 1171-1172, 1194-1231, 1234->exit, 1259->exit, 1344-1365, 1381-1388, 1413-1419, 1471-1472, 1519-1525, 1589-1607, 1613, 1616->exit, 1619->exit, 1698-1735, 1740->exit, 1743->exit, 1749, 1755-1762, 1858-1894, 1955-1961, 1964->exit, 1973->exit, 1982->exit, 1991->exit, 2113-2115, 2204-2335, 2419-2494, 2529-2542, 2654-2695, 2734-2736, 2739->exit, 2750->exit, 2761->exit, 2841-2854, 2857->exit, 2870->exit, 2982-2984, 2996->exit, 3006->exit, 3016->exit, 3110-3112, 3117->exit, 3146->exit, 3264-3287, 3298->exit, 3320->exit, 3505-3547, 3593-3595, 3615-3619, 3714-3724, 3843-3914, 3943, 3960-3970, 3980, 3990-3991, 3994-4060, 4068-4087, 4091-4120, 4141-4157, 4197-4213, 4299-4327, 4333, 4337-4372, 4381-4416, 4421-4431, 4434-4481, 4491, 4496-4502, 4507, 4519-4533, 4551-4574, 4584-4599, 4607-4611, 4614-4615, 4621->exit, 4635->exit, 4649->exit, 4835-4862, 4865->exit, 4868->exit, 5007-5018, 5110-5168, 5224-5247, 5324-5328, 5344-5355, 5359, 5369-5384, 5427, 5448, 5462->exit, 5475->exit, 5488->exit, 5658, 5669->exit, 5683->exit, 5697->exit, 5843-5844, 5905, 5908->exit, 5913->exit, 5935-5949, 5960-6055, 6060->exit, 6071->exit, 6204-6307, 6310->exit, 6323->exit, 6336->exit, 6522-6594, 6601-6603, 6610, 6614, 6621, 6624->exit, 6636->exit, 6757-6808, 6811->exit, 6821->exit, 6831->exit, 6928-6942, 7040-7076, 7082->exit, 7096->exit, 7304-7381, 7384->exit, 7399->exit, 7414->exit, 7526, 7662-7682, 7821, 7952, 8029-8042, 8092-8104, 8110-8116, 8119-8129, 8155-8199, 8206-8221, 8237-8273, 8279-8311, 8337-8444, 8451-8467, 8477-8504, 8518-8524, 8528-8530, 8534-8536, 8539-8544, 8548, 8552, 8556, 8560, 8564, 8568, 8574, 8582, 8590, 8600, 8608, 8618, 8626, 8637, 8647, 8655, 8663, 8671, 8679, 8687, 8818, 8949-9016, 9065-9097, 9214-9266, 9387-9392, 9543-9545, 9720-9722, 9885-9941, 10036-10073, 10143-10147, 10279, 10366-10383, 10405-10411, 10481-10488, 10500-10505, 10716-10794, 10875-10886, 10898-10942, 11114-11187, 11206-11210, 11312-11354, 11433-11474, 11589-11611, 11693-11758, 11828-11841, 11854-11952, 11961-11980, 11984->exit, 11994->exit, 12004->exit, 12022-12027, 12030->exit, 12040->exit, 12050->exit, 12068-12073, 12077->exit, 12087->exit, 12097->exit, 12115-12120, 12124->exit, 12134->exit, 12144->exit, 12162-12167, 12259-12268, 12346-12355, 12359->exit, 12369->exit, 12379->exit, 12397-12402, 12406->exit, 12416->exit, 12426->exit, 12446-12451, 12455->exit, 12466->exit, 12477->exit, 12566-12571, 12575->exit, 12586->exit, 12597->exit, 12685-12690, 12694->exit, 12705->exit, 12716->exit, 12811-12816, 12820->exit, 12830->exit, 12840->exit, 12931-12936, 12940->exit, 12950->exit, 12960->exit, 13056-13061, 13076-13077, 13088-13089, 13100-13101, 13112-13113, 13154, 13230-13259, 13335-13364, 13370-13375, 13461-13471, 13474->exit, 13484->exit, 13494->exit, 13597-13679, 13760-13771, 13841-13852, 13930-13973, 14081-14082, 14165, 14171-14177, 14185-14202
pandas/core/generic.py                                               2215   1509    998     60    25%   271-290, 309-311, 352, 356, 397, 467-471, 477->487, 514-518, 525-526, 533-534, 546-551, 556-582, 586-592, 603-610, 620, 627, 636, 660, 686, 736-737, 740->exit, 745->exit, 748->exit, 752-757, 835-837, 840-843, 949-958, 964->exit, 977->exit, 990->exit, 1016-1070, 1073->exit, 1085->exit, 1097->exit, 1240-1276, 1279->exit, 1284->exit, 1289->exit, 1346-1358, 1365, 1448-1451, 1458-1472, 1476-1487, 1491-1497, 1501, 1572-1573, 1579, 1583, 1615-1617, 1645-1648, 1671, 1695-1717, 1751-1784, 1813-1860, 1892, 1924, 1936-1937, 1941, 1946, 2006, 2018-2042, 2048, 2055-2056, 2067-2098, 2116-2119, 2127-2132, 2285-2303, 2582-2608, 2757-2761, 3025-3027, 3103-3105, 3183-3185, 3271-3276, 3279->exit, 3306->exit, 3506-3610, 3669-3693, 3696->exit, 3723->exit, 3917-3928, 4030-4046, 4157-4226, 4238-4246, 4254-4259, 4266-4291, 4298-4299, 4367-4370, 4374-4375, 4505-4513, 4516->exit, 4529->exit, 4542->exit, 4565-4593, 4620-4679, 4692, 4753-4764, 4825-4835, 4838->exit, 4851->exit, 4864->exit, 5044->exit, 5059->exit, 5074->exit, 5101-5142, 5381-5428, 5443-5461, 5465, 5486-5510, 5589-5624, 5713, 5801-5803, 5942-5965, 5968->exit, 5976->exit, 6086, 6109-6138, 6154, 6169, 6177-6197, 6205-6208, 6217, 6229-6230, 6237-6246, 6250-6251, 6255-6256, 6306-6307, 6440-6512, 6653-6654, 6660, 6670, 6732-6735, 6875-6885, 6900-6925, 6928->exit, 6938->exit, 6948->exit, 7071-7184, 7187->exit, 7197->exit, 7207->exit, 7302-7312, 7321->exit, 7331->exit, 7340->exit, 7442-7452, 7461->exit, 7471->exit, 7481->exit, 7504-7679, 7682->exit, 7695->exit, 7708->exit, 7889-7936, 8044-8118, 8190, 8194, 8263, 8267, 8271-8287, 8291-8320, 8323->exit, 8334->exit, 8345->exit, 8473-8531, 8648-8650, 8707-8717, 8787-8802, 9133-9148, 9273-9319, 9330-9401, 9536-9577, 9589-9623, 9634-9686, 9689->exit, 9700->exit, 9711->exit, 9735-9890, 9893->exit, 9904->exit, 9915->exit, 10084-10095, 10098->exit, 10109->exit, 10120->exit, 10148-10165, 10296-10322, 10328-10358, 10505-10540, 10615-10644, 10820-10859, 11110, 11255-11267, 11279-11308, 11325, 11337, 11351-11381, 11386, 11391, 11396, 11399, 11412-11415, 11428, 11441, 11454, 11468-11473, 11485, 11502, 11519, 11531, 11543, 11555, 11572-11577, 11595, 11608, 11633-11646, 11665, 11681, 11702-11707, 11712, 11717, 11722, 11727, 11735, 11743, 11748, 11753, 11757, 11762, 11781-11785, 11873, 11878, 12743-12750, 12842-12849, 12953-13003
pandas/core/groupby/__init__.py                                         4      0      0      0   100%
pandas/core/groupby/base.py                                            13      0      0      0   100%
pandas/core/groupby/categorical.py                                     23     18     10      0    15%   45-83
pandas/core/groupby/generic.py                                        638    515    202      0    15%   153-155, 160-169, 329, 466-518, 523-528, 531-561, 586-633, 681, 686-696, 704-731, 784-804, 839-873, 877, 968-1131, 1212-1213, 1280, 1353-1358, 1365-1366, 1372-1377, 1383-1388, 1449, 1510, 1519-1522, 1528-1531, 1555, 1579, 1597-1612, 1617, 1663-1664, 1934-2011, 2016-2036, 2039-2053, 2062-2122, 2138-2172, 2183-2195, 2198-2245, 2304, 2309-2319, 2322-2355, 2411-2439, 2443-2450, 2465-2484, 2503-2507, 2510, 2513-2538, 2592, 2666, 2740, 2863, 2957-2958, 3025-3030, 3135, 3142-3143, 3152-3155, 3164-3167, 3276-3295, 3368-3380, 3386-3407
pandas/core/groupby/groupby.py                                       1101    839    362      2    18%   433, 436-440, 443-449, 482, 554-563, 568, 639, 648-690, 697, 703-718, 722, 725->exit, 733->exit, 769, 849-864, 956-965, 1057-1081, 1084-1089, 1096-1122, 1134-1190, 1199-1216, 1222-1256, 1278-1293, 1309-1327, 1345-1375, 1386-1415, 1426-1455, 1600-1628, 1665-1669, 1686-1693, 1703-1740, 1754-1789, 1797-1821, 1833-1845, 1852-1870, 1877-1890, 1905-1929, 1937-1940, 1993, 2051, 2121-2156, 2243-2262, 2355-2363, 2462-2476, 2580-2592, 2615-2723, 2820-2825, 2894-2926, 2980-3003, 3077, 3137-3149, 3209-3221, 3291-3306, 3359-3374, 3476-3494, 3503-3530, 3645-3650, 3796-3798, 3872-3874, 3971-3973, 4012-4061, 4154, 4236, 4318, 4325-4373, 4425-4596, 4662-4680, 4736-4738, 4810-4821, 4885-4886, 4946-4947, 5015-5016, 5086-5087, 5172-5231, 5308-5322, 5401-5421, 5457-5458, 5497-5502, 5519-5521, 5619-5650, 5678-5712, 5717-5745, 5755-5767, 5792-5808
pandas/core/groupby/grouper.py                                        339    280    160      0    12%   263-267, 277-286, 306-317, 339-397, 461-548, 554, 558-559, 563-577, 584-592, 596, 601-605, 609, 613, 618-678, 682-691, 695-698, 702-713, 747-930, 934, 938-955
pandas/core/groupby/indexing.py                                        96     70     40      0    19%   119-121, 127-150, 153-156, 159-170, 173-185, 188-227, 234-236, 243-245, 251, 284-285, 294, 301, 304
pandas/core/groupby/numba_.py                                          46     34     10      0    21%   49-60, 97-123, 157-183
pandas/core/groupby/ops.py                                            530    390    188      0    19%   85-89, 97-103, 127-129, 165-167, 176-206, 226-249, 252-268, 271-284, 300-310, 325-348, 372-523, 527-534, 550-563, 598-603, 607, 610, 614, 625-628, 637-643, 653-657, 668-682, 686, 690-694, 698, 705-712, 717-727, 733, 741, 746, 751, 755, 759, 763-842, 846-849, 853-855, 864-895, 903-907, 913-918, 936-940, 965-966, 972-988, 994-1028, 1036-1040, 1083-1089, 1096-1101, 1106, 1111-1115, 1126-1135, 1139-1147, 1151, 1155-1169, 1173, 1177, 1181-1187, 1191, 1195-1202, 1218-1222, 1225-1233, 1237, 1246-1249, 1256-1258
pandas/core/indexers/__init__.py                                        2      0      0      0   100%
pandas/core/indexers/objects.py                                       140    103     48      0    20%   92-96, 122-137, 156, 235-241, 252-318, 333, 393-407, 440-443, 461-500, 515
pandas/core/indexers/utils.py                                         143    119    102      1    10%   56, 93-98, 113-117, 151-185, 225-233, 268-284, 299-329, 341-342, 357-369, 389-395, 402-413, 519-520, 525-554
pandas/core/indexes/__init__.py                                         0      0      0      0   100%
pandas/core/indexes/accessors.py                                      148     92     42      0    29%   63-71, 74-87, 92-112, 115, 121-131, 166-173, 176-194, 197-213, 217-225, 229, 232-245, 249-265, 371-373, 399, 429, 500-508, 547, 555, 672-698
pandas/core/indexes/api.py                                            128    102     62      0    14%   90-91, 99-105, 131-146, 163-180, 199-277, 301-315, 331-333
pandas/core/indexes/base.py                                          2348   1776   1092     46    19%   279-287, 299-317, 387-390, 397-401, 408-412, 419-423, 442, 497, 501-506, 511, 518, 528, 530, 532, 536, 542, 547-551, 559, 566, 570-575, 590, 598, 610-612, 615-617, 679->682, 686, 702-707, 726-743, 761-763, 814-821, 832-833, 843-851, 854-861, 867, 869, 871, 894, 914-918, 921-958, 965-970, 1017, 1075-1095, 1135-1166, 1223-1245, 1253-1268, 1309-1314, 1360-1366, 1370, 1380, 1403, 1411-1423, 1435-1448, 1455-1463, 1468-1470, 1484-1495, 1498-1516, 1527, 1549-1569, 1590, 1647-1654, 1707-1718, 1751-1758, 1768-1791, 1811-1826, 1861, 1879-1888, 1893->exit, 1896->exit, 1899->exit, 1966-2003, 2006->exit, 2009->exit, 2060, 2070, 2076, 2087-2098, 2103-2104, 2134-2148, 2188-2189, 2245-2250, 2258-2303, 2320, 2344, 2368, 2386, 2404, 2476, 2495, 2503-2512, 2526-2527, 2535-2540, 2688, 2718-2727, 2755-2761, 2794-2801, 2850-2853, 2910-2913, 2920, 2924, 2938-2941, 2945-2946, 2958-2972, 3067-3104, 3126-3181, 3185-3191, 3234-3287, 3293-3312, 3316, 3330-3349, 3394-3421, 3425-3432, 3436, 3490-3533, 3537-3539, 3542-3547, 3590-3605, 3672-3747, 3756-3776, 3783-3788, 3800-3831, 3838-3852, 3858-3885, 3895-3919, 3930-3951, 3960-3962, 3972-3980, 3991-3993, 4009-4058, 4070-4076, 4095-4096, 4166-4211, 4214-4215, 4218-4221, 4244-4293, 4299->exit, 4310->exit, 4321->exit, 4382-4449, 4454-4475, 4488-4526, 4530-4615, 4621-4644, 4659-4793, 4802-4850, 4860-4879, 4892-4913, 4960-4964, 4969-4974, 5010, 5012-5020, 5042-5054, 5061-5065, 5069-5074, 5109-5114, 5122, 5138-5148, 5155, 5194-5198, 5207, 5220-5257, 5263-5269, 5281-5287, 5315-5331, 5337-5341, 5373-5402, 5469-5504, 5540, 5606-5623, 5679-5690, 5693->exit, 5703->exit, 5713->exit, 5781-5808, 5908, 5911-5914, 5921, 5985-6019, 6052-6055, 6061-6089, 6112-6124, 6127->exit, 6132->exit, 6137->exit, 6168-6179, 6189, 6200-6237, 6245-6279, 6289-6300, 6310-6316, 6335-6343, 6384-6415, 6426-6438, 6509-6511, 6569-6577, 6584, 6590-6599, 6612-6613, 6638-6645, 6648-6659, 6703-6745, 6789-6844, 6877-6886, 6917-6965, 7004-7015, 7044-7064, 7093, 7118, 7127-7165, 7169-7175, 7179-7184, 7187-7197, 7201-7202, 7205, 7208, 7211, 7215, 7256-7263, 7304-7311, 7318-7319, 7325-7334, 7340-7348, 7390-7411, 7454-7475, 7501, 7519-7539, 7572-7583, 7619, 7623-7624, 7627, 7633, 7636-7638, 7657-7662, 7666-7667, 7677, 7681, 7699-7702, 7718-7729, 7733-7749, 7765-7859
pandas/core/indexes/category.py                                       118     68     26      1    35%   179, 183, 195, 218, 247-275, 335-346, 353, 361-369, 375, 380-388, 404-416, 424-429, 432-444, 449, 521-522, 526-536
pandas/core/indexes/datetimelike.py                                   377    268    122      1    22%   96, 126, 131, 135, 140-148, 152->exit, 157, 169-199, 203-208, 211-212, 223, 229, 235-243, 247-251, 260, 268-286, 290-294, 312-338, 357-371, 409-418, 438, 484-485, 488-489, 494-497, 501-523, 528, 537-540, 543, 546-569, 573-576, 580-583, 589-606, 610-626, 630-644, 650-674, 680-712, 716-728, 737-740, 750-755, 763-764, 773-789, 795-816, 820-822, 826-830, 844-855
pandas/core/indexes/datetimes.py                                      292    212     96      1    21%   79-104, 270-271, 275-276, 285-286, 290-293, 297-298, 302-303, 307, 324-358, 371-377, 380-381, 387-391, 400-403, 411-423, 435-452, 491-506, 528-550, 553-563, 570-574, 584-626, 631-638, 657-699, 707, 741-756, 795-819, 1010->1013, 1107-1125, 1139-1140
pandas/core/indexes/extension.py                                       68     23     22      2    59%   62, 73-77, 81, 90, 96-105, 155, 161, 172, 175-176
pandas/core/indexes/frozen.py                                          42     18      8      1    50%   46-48, 64-66, 74, 78-80, 83-85, 90, 95, 99, 105, 108
pandas/core/indexes/interval.py                                       378    267    140      0    21%   122-134, 139-151, 159, 235-246, 313-317, 348-350, 358-362, 377-387, 393-394, 398, 401-407, 412, 419, 429, 436-453, 503, 523-528, 547-591, 594-617, 673-701, 710-727, 733-758, 767-770, 778-802, 806, 813-824, 832, 835, 838-841, 880, 917, 958, 990, 1000-1013, 1028-1035, 1053-1064, 1087, 1101-1103, 1208-1290
pandas/core/indexes/multi.py                                         1424   1068    638     49    21%   191, 193, 313, 315, 317, 319, 334, 365, 399->402, 403, 413, 417, 423, 425, 429-430, 441, 490, 492, 497, 503, 507, 560, 561->563, 567-569, 579-583, 585-588, 592-593, 644, 646, 650, 719-724, 731-752, 756, 768, 801-804, 815, 899-904, 912-916, 919-922, 927, 1035-1048, 1099, 1141-1144, 1154-1161, 1164, 1236-1240, 1251-1283, 1289, 1293-1295, 1298-1307, 1367-1391, 1395-1404, 1408-1410, 1414-1419, 1423, 1429-1434, 1442, 1447, 1460-1470, 1479-1480, 1485-1516, 1525-1579, 1613, 1617, 1619, 1626, 1630->1637, 1634, 1678, 1681-1705, 1712-1736, 1744, 1748-1751, 1765-1774, 1793-1799, 1866-1868, 1872-1876, 1939-1967, 1999, 2039, 2051-2053, 2090-2115, 2171-2219, 2226-2232, 2237-2263, 2275-2281, 2298-2320, 2360-2398, 2403-2405, 2409-2413, 2494-2531, 2536-2552, 2598-2609, 2659-2661, 2664-2673, 2680-2686, 2699-2705, 2789-2826, 2829-2842, 2845-2852, 2858-2862, 2870, 2875-2885, 2888-2905, 2911-2915, 2965-2967, 3023, 3026-3074, 3095-3099, 3147-3227, 3280-3292, 3300-3441, 3451-3554, 3592-3689, 3713-3779, 3812-3824, 3840-3876, 3883-3889, 3895-3926, 3929, 3937-3940, 3948-3957, 3960-3961, 3964-3969, 3972-3988, 3994-4005, 4008-4019, 4035-4057, 4075-4094, 4106-4107, 4116-4131, 4167-4171, 4175-4199, 4203-4208, 4225-4241, 4262, 4271-4281, 4309, 4312, 4315, 4321, 4330
pandas/core/indexes/period.py                                         189    101     50      5    39%   72-79, 174, 179, 192-193, 197-198, 203, 208, 213, 228, 240, 246, 300-311, 343-346, 353, 372-387, 393, 404-409, 417-422, 428, 438-444, 466-506, 509-510, 513-518, 522-525, 528-530, 534-538, 609, 614
pandas/core/indexes/range.py                                          684    534    320      9    16%   74-75, 147, 166, 168, 172, 179, 183, 226-232, 257-259, 270, 280, 284-285, 288-290, 299-302, 306-312, 342, 370, 404, 411-412, 440, 444, 449, 453, 457, 460-465, 469, 476-485, 494-515, 522, 527, 531, 535-549, 552-554, 557-559, 563-565, 568-574, 578-580, 584-586, 594-611, 614-615, 618-619, 634-649, 656-662, 668-670, 674->exit, 684->exit, 694->exit, 711-737, 745-780, 789-797, 802-808, 830-883, 887-970, 975-984, 989-991, 997-1026, 1035-1052, 1055-1077, 1088-1162, 1172, 1178-1208, 1214-1215, 1219-1231, 1237, 1240, 1272-1278, 1281-1284, 1295-1358, 1361-1366, 1369-1370, 1373, 1376-1379, 1391-1421, 1431-1447, 1455-1482
pandas/core/indexes/timedeltas.py                                      71     34     16      1    44%   128, 139, 152-189, 197, 210-217, 224-225, 229-231, 237, 331
pandas/core/indexing.py                                               944    774    530     13    12%   144, 629, 697, 746, 759-766, 772-804, 816-857, 871-912, 916-935, 965-979, 986-995, 1004-1006, 1011-1013, 1017-1025, 1035-1053, 1058-1116, 1123-1185, 1193, 1202-1206, 1230-1233, 1254-1270, 1273, 1285-1304, 1327-1331, 1350-1354, 1381-1385, 1390-1401, 1405, 1409-1419, 1422-1455, 1462-1474, 1491-1554, 1579-1584, 1599-1641, 1652-1677, 1689-1692, 1712, 1717-1721, 1740-1744, 1748, 1750, 1756, 1759, 1762, 1765-1766, 1770, 1776, 1785-1792, 1798, 1802-1808, 1824-1961, 1968-2050, 2055-2072, 2077-2126, 2138-2187, 2193-2225, 2231-2326, 2333-2343, 2368-2461, 2464-2510, 2525-2533, 2536-2548, 2563-2566, 2571-2572, 2575-2581, 2584-2598, 2609-2612, 2615-2621, 2639-2641, 2648-2650, 2679-2702, 2710-2718, 2726-2729, 2736-2739, 2749-2756, 2766, 2779, 2793, 2800
pandas/core/interchange/__init__.py                                     0      0      0      0   100%
pandas/core/interchange/buffer.py                                      33     33      4      0     0%   1-122
pandas/core/interchange/column.py                                     175    175     62      0     0%   1-474
pandas/core/interchange/dataframe.py                                   54     54     18      0     0%   1-113
pandas/core/interchange/dataframe_protocol.py                         100      0      0      0   100%
pandas/core/interchange/from_dataframe.py                             187    160     72      3    12%   92-110, 131-151, 166-195, 214-222, 239-274, 291-369, 375-400, 419-439, 474-501, 505->exit, 514->exit, 523->exit, 558-589
pandas/core/interchange/utils.py                                       71     36     28      1    36%   22, 118-153, 171-183
pandas/core/internals/__init__.py                                      22     17      8      0    17%   21-65
pandas/core/internals/api.py                                           55     37     20      0    24%   66-76, 101-149, 156-165, 172-177
pandas/core/internals/blocks.py                                       911    679    332      5    19%   161, 166, 171, 177, 182, 190-193, 201, 205, 211, 216-218, 222, 226, 239-244, 256-260, 276, 283-287, 299-302, 313-315, 320-321, 336, 347-350, 356-366, 371-388, 395-402, 419-425, 439-483, 494-523, 534-569, 602-623, 630-638, 643-650, 656-659, 663-670, 692-740, 768-788, 801-880, 912-933, 948, 954, 960, 969, 976, 992-994, 1007-1034, 1062-1078, 1103-1143, 1161-1210, 1225-1313, 1326-1346, 1356-1373, 1387-1416, 1423-1424, 1430-1458, 1481-1488, 1504-1516, 1528-1567, 1606-1607, 1633-1662, 1666-1728, 1735-1790, 1795-1802, 1807, 1814-1818, 1829-1846, 1869-1903, 1908-1910, 1921-1938, 1943-1945, 1952-1967, 1977-2009, 2014, 2019, 2040-2059, 2068-2069, 2086-2110, 2120, 2124, 2127-2129, 2133-2136, 2150, 2185, 2189, 2207, 2209, 2218, 2230-2233, 2269-2289, 2299-2308, 2316-2327, 2335-2343, 2355-2369
pandas/core/internals/concat.py                                       190    160     86      0    11%   79-155, 170-188, 195-201, 214-248, 254-270, 276-298, 303, 313-338, 342-345, 350-370, 377-402, 409-424, 438-450, 460-463
pandas/core/internals/construction.py                                 390    348    220      0     7%   106-146, 162-182, 194-336, 348-356, 375-440, 454-466, 473, 488-519, 526-530, 536-572, 580-630, 640-657, 661-675, 684-693, 720-722, 747-783, 789-794, 803-825, 851-862, 873-884, 913-939, 964-1017
pandas/core/internals/managers.py                                    1021    798    350      2    16%   123-126, 132-139, 216, 232-236, 243-247, 251-264, 267, 283, 286, 294, 306-307, 315, 322-327, 334-335, 338-339, 355, 381-390, 413-442, 446, 450-454, 463-469, 478-484, 493, 497-501, 510, 521-531, 534, 537, 540-543, 551-581, 585, 588, 591, 594, 603, 615, 620-630, 633-634, 642-651, 654-658, 662-687, 691, 708-730, 733, 743-749, 752, 765-767, 801-849, 881-980, 987-1005, 1028-1032, 1056-1070, 1073-1078, 1090, 1107-1149, 1155-1163, 1173-1175, 1188-1203, 1219-1353, 1375-1402, 1422-1432, 1443-1464, 1477-1508, 1523-1527, 1536-1549, 1555-1562, 1579-1598, 1613-1622, 1628, 1635, 1659-1669, 1687-1732, 1742-1745, 1771-1821, 1832-1877, 1886-1888, 1891-1898, 1901-1905, 1915-1929, 1944, 1973-1975, 1993-1998, 2006, 2009-2025, 2028-2049, 2052, 2064, 2070, 2076, 2080-2096, 2101-2111, 2115, 2122, 2126, 2134, 2137-2139, 2143, 2155-2171, 2179-2183, 2202-2203, 2211-2215, 2218-2223, 2243-2253, 2273-2280, 2290-2306, 2313-2322, 2326-2368, 2373, 2382-2391, 2399-2408, 2414-2443, 2449-2466, 2470-2501
pandas/core/internals/ops.py                                           58     43     20      0    19%   35-54, 63-93, 100-102, 114-143, 150-154
pandas/core/methods/__init__.py                                         0      0      0      0   100%
pandas/core/methods/describe.py                                       127     97     44      0    18%   83-98, 111, 130-133, 158-164, 167-182, 186-202, 207-215, 228-261, 277-293, 307-317, 330-339, 353-370
pandas/core/methods/selectn.py                                        129    102     46      0    15%   61-66, 73, 77, 86-88, 107-191, 217-223, 226-301
pandas/core/methods/to_dict.py                                         72     72     50      0     0%   1-286
pandas/core/missing.py                                                332    279    162      2    11%   59-67, 86-121, 125->exit, 133->exit, 145-161, 189-204, 222-243, 249-258, 262-272, 279-293, 298-328, 354-392, 399-414, 441-526, 544-602, 646-652, 695-699, 779-785, 816-829, 837-840, 855-865, 877-881, 891-895, 905-911, 921-930, 949-956, 974-987, 994-997, 1001-1003, 1039-1070
pandas/core/nanops.py                                                 623    343    302     51    39%   62->exit, 82-83, 88-95, 124, 133, 145-147, 173, 178-181, 184-186, 197, 204-208, 249->252, 304-305, 314->323, 321, 332, 333->335, 340, 346-382, 404, 409-412, 436-447, 469-477, 518-537, 574-593, 636, 650-660, 703, 705, 706->710, 715-721, 761-833, 852-856, 888-906, 945-952, 992-1031, 1072-1084, 1097-1108, 1160, 1206, 1248-1249, 1256-1257, 1262, 1265->1267, 1283->1286, 1287-1288, 1294, 1336-1337, 1344-1345, 1350, 1353->1355, 1377-1391, 1426-1434, 1447, 1452-1459, 1490, 1493-1500, 1522-1542, 1543->1552, 1550, 1578, 1581->1583, 1589, 1605-1623, 1629-1652, 1666-1683, 1688-1705, 1707-1718, 1736-1756
pandas/core/ops/__init__.py                                             9      0      0      0   100%
pandas/core/ops/array_ops.py                                          201    171    110      0    10%   92-109, 113-129, 145-185, 210-236, 265-284, 306-348, 352-389, 409-458, 474-499, 523-578, 596-598
pandas/core/ops/common.py                                              46     30     18      0    25%   62-70, 92-96, 119-142
pandas/core/ops/dispatch.py                                             5      1      0      0    80%   31
pandas/core/ops/docstrings.py                                          59      1     16      2    96%   37->41, 51
pandas/core/ops/invalid.py                                             18      9      4      0    41%   49-56, 73-74
pandas/core/ops/mask_ops.py                                            60     52     36      0     8%   48-79, 112-132, 162-190, 194-195
pandas/core/ops/missing.py                                             54     47     30      0     8%   44-69, 101-129, 155-177
pandas/core/resample.py                                               723    532    264      4    20%   168-184, 191-196, 200-207, 217, 233, 244-247, 250->exit, 258->exit, 293, 360-365, 410, 432-446, 452-489, 500, 510-523, 602, 660, 762, 917-968, 1011, 1071, 1126, 1181, 1236, 1246, 1258, 1310, 1364, 1422, 1486, 1544, 1549-1565, 1600, 1605-1620, 1625-1638, 1691, 1714-1732, 1741-1761, 1781-1804, 1812, 1816-1818, 1829-1855, 1863-1867, 1880-1907, 1910-1924, 1938, 1949-1955, 1958-1960, 1963-1978, 1990-2010, 2027-2046, 2060, 2070, 2073, 2082, 2096, 2103-2104, 2123-2125, 2173-2267, 2286-2317, 2341-2342, 2345-2409, 2416-2445, 2448-2484, 2487-2508, 2511-2583, 2588-2594, 2598->exit, 2604->exit, 2614-2621, 2665-2694, 2735-2750, 2758-2768, 2785-2852, 2868-2897, 2913-2926
pandas/core/reshape/__init__.py                                         0      0      0      0   100%
pandas/core/reshape/api.py                                              7      0      0      0   100%
pandas/core/reshape/concat.py                                         283    243    154      5    10%   75->exit, 91->exit, 107->exit, 123->exit, 139->exit, 385-441, 465-504, 524-616, 632, 663-698, 711-729, 747-796, 810-826, 830, 834-836, 840-948
pandas/core/reshape/encoding.py                                       175    156    100      0     7%   158-235, 247-364, 490-582
pandas/core/reshape/melt.py                                           134    119     70      0     7%   29-39, 176-275, 337-361, 618-671
pandas/core/reshape/merge.py                                         1033    916    546      2     8%   130-133, 136-139, 370-402, 422-455, 471-512, 622-656, 914-931, 973-1034, 1045-1065, 1071, 1075, 1088-1129, 1132-1150, 1157-1162, 1170-1192, 1196-1208, 1231-1252, 1261-1371, 1378-1379, 1387-1449, 1477-1489, 1515-1531, 1548-1662, 1672-1853, 1856-1931, 1936-1979, 2015-2068, 2094-2106, 2153-2194, 2213-2214, 2229-2254, 2258-2259, 2283-2302, 2317-2394, 2401-2439, 2443-2476, 2482-2502, 2508-2592, 2607-2633, 2638, 2666-2670, 2676-2698, 2761-2906, 2913-2941, 2947-2953, 2963-2990, 2994-2996, 3000, 3004-3011, 3027-3084
pandas/core/reshape/pivot.py                                          353    327    172      0     5%   240-281, 301-412, 428-510, 516-533, 549-632, 647-685, 689-699, 855-917, 1067-1131, 1137-1211, 1215-1228, 1260-1276
pandas/core/reshape/reshape.py                                        490    490    180      0     0%   1-1078
pandas/core/reshape/tile.py                                           167    145     86      0     9%   260-287, 357-383, 391-444, 457-547, 556-571, 577, 587-611, 622-628, 637-646, 653-661, 668-672
pandas/core/roperator.py                                               29     15      2      0    45%   12, 16, 20, 24, 28, 32, 39-43, 47, 51, 55, 59, 63
pandas/core/sample.py                                                  58     50     38      0     8%   33-78, 92-115, 146-161
pandas/core/series.py                                                1118    692    410     46    33%   379-392, 396->398, 402-405, 424, 435-439, 445, 450-456, 462-481, 484, 501, 503, 540-541, 545-549, 558, 583-592, 598, 601-611, 619-621, 624-635, 640, 679, 778, 816, 821, 883-895, 905, 927-930, 933-978, 982-990, 994-1010, 1013-1014, 1029-1055, 1058-1122, 1125-1128, 1133-1139, 1142-1147, 1150-1153, 1170-1180, 1236-1239, 1244->exit, 1255->exit, 1266->exit, 1391-1427, 1440->exit, 1456->exit, 1534-1563, 1566->exit, 1577->exit, 1588->exit, 1674, 1707, 1731, 1734->exit, 1739->exit, 1783-1790, 1821-1833, 1847-1850, 1974-1981, 2015, 2072-2079, 2152, 2155->exit, 2164->exit, 2169->exit, 2259-2269, 2347-2349, 2407-2409, 2468-2470, 2513-2517, 2522->exit, 2527->exit, 2534->exit, 2586-2602, 2681-2693, 2738-2743, 2832-2836, 2883, 2935-2960, 2968, 2974, 2984, 2992-3002, 3080, 3160-3184, 3236-3260, 3336-3350, 3356->exit, 3369->exit, 3382->exit, 3547-3586, 3589->exit, 3604->exit, 3619->exit, 3766, 3822-3831, 3938, 4044, 4135-4139, 4189-4192, 4247-4260, 4316-4318, 4429-4465, 4481, 4523-4531, 4544-4547, 4667, 4682-4690, 4697, 4700->exit, 4712->exit, 4813-4830, 4865, 4885, 4896->exit, 4907->exit, 4918->exit, 4998, 5007->exit, 5020->exit, 5033->exit, 5141, 5182, 5193, 5249-5252, 5328-5329, 5406-5424, 5484-5544, 5549, 5557, 5562, 5570, 5573->exit, 5583->exit, 5666-5685, 5764-5771, 5828-5835, 5906-5916, 5919-5926, 5929-5930, 5937-5956, 5977-5990, 6012-6033, 6036-6056, 6122, 6128, 6194, 6200, 6267, 6273, 6335, 6341, 6347, 6355, 6429, 6437, 6500, 6509, 6517, 6523, 6585, 6591, 6597, 6603, 6609, 6615, 6640-6661, 6673-6675, 6693-6695, 6771, 6842, 6938, 6957, 7016, 7099, 7113, 7200, 7219, 7237, 7297, 7306, 7310, 7314, 7318
pandas/core/shared_docs.py                                             10      0      0      0   100%
pandas/core/sorting.py                                                230    204     94      0     8%   90-118, 156-208, 231-232, 236-240, 247-262, 284-295, 330-365, 398-449, 467-482, 489-493, 525-544, 562-592, 604-621, 654-668, 679-699, 717-732
pandas/core/sparse/__init__.py                                          0      0      0      0   100%
pandas/core/sparse/api.py                                               3      3      0      0     0%   1-5
pandas/core/strings/__init__.py                                         0      0      0      0   100%
pandas/core/strings/accessor.py                                       626    417    200      0    25%   138-144, 155-156, 206-222, 247-265, 268-269, 272, 283-416, 434-475, 620-711, 914-925, 944-946, 1043-1048, 1063-1068, 1147-1148, 1217-1218, 1341-1350, 1399-1400, 1448-1449, 1599-1633, 1694-1695, 1762-1774, 1838, 1843, 1848, 1912-1917, 1996-1997, 2077-2078, 2123-2136, 2171-2172, 2259-2260, 2268-2269, 2277-2278, 2331-2332, 2339-2340, 2451-2465, 2516-2529, 2576-2578, 2643-2644, 2702-2706, 2764-2768, 2860-2861, 2947-2989, 3067, 3127-3132, 3144-3149, 3188-3189, 3251-3256, 3269-3274, 3319-3320, 3419-3420, 3425-3426, 3431-3432, 3437-3438, 3443-3444, 3449-3450, 3831-3844, 3864-3871, 3878-3882, 3886-3889, 3906-3914, 3918-3952
pandas/core/strings/object_array.py                                   314    245    106      0    16%   46-49, 75-117, 120-122, 130-138, 148-169, 172-181, 184-193, 204-219, 222-251, 260-267, 276-283, 286-287, 290, 293, 296-307, 310-311, 314-321, 324-328, 331-335, 338, 341-342, 345, 348, 351-352, 355-371, 380-405, 408-411, 414, 417-419, 422-453, 456, 459, 462, 465, 468, 471, 474, 477, 480, 483, 486, 489, 492, 495, 498, 501, 504-505, 508, 511, 514, 517, 520, 523-545
pandas/core/tools/__init__.py                                           0      0      0      0   100%
pandas/core/tools/datetimes.py                                        337    270    160      3    14%   132-150, 182-210, 237-260, 286-289, 312-315, 356-453, 467-479, 486-548, 569-620, 624->exit, 639->exit, 654->exit, 989-1061, 1111-1186
pandas/core/tools/numeric.py                                          105     92     66      0     8%   177-325
pandas/core/tools/timedeltas.py                                        56     37     30      3    26%   53->exit, 61->exit, 69->exit, 177-209, 218-226, 236-247
pandas/core/tools/times.py                                             75     65     38      0     9%   54-125, 143-153
pandas/core/util/__init__.py                                            0      0      0      0   100%
pandas/core/util/hashing.py                                           102     88     36      0    10%   63-81, 120-182, 203-232, 272-287, 299-350
pandas/core/util/numba_.py                                             42     28     12      0    26%   22, 27-29, 50-56, 77-91, 125-150
pandas/core/window/__init__.py                                          4      0      0      0   100%
pandas/core/window/common.py                                           81     72     40      0     7%   19-149, 153-164, 169-172
pandas/core/window/doc.py                                              16      0      0      0   100%
pandas/core/window/ewm.py                                             225    167     64      0    20%   76-100, 124-129, 346-397, 412, 418, 448, 494, 531-560, 595-628, 661-672, 705-719, 769-807, 856-900, 913-918, 931-935, 955-976, 982, 1054-1096
pandas/core/window/expanding.py                                        88     25      4      2    71%   137, 148, 182, 211, 246, 256->exit, 264->exit, 301, 336, 375, 414, 453, 492, 551, 611, 653, 684, 724, 760, 796, 849, 923, 961, 1014, 1100, 1123-1127
pandas/core/window/numba_.py                                          139    123     58      0     8%   52-78, 117-179, 213-241, 252-262, 301-357
pandas/core/window/online.py                                           49     40     16      0    14%   35-86, 91-98, 101-113, 116-117
pandas/core/window/rolling.py                                         716    546    220      4    19%   153-176, 179-219, 224-230, 240, 257, 277-278, 285-289, 304-313, 316-321, 326, 341-356, 360-380, 385-405, 410-414, 418-424, 430-438, 446-458, 470-505, 516-529, 542-552, 580-613, 621-661, 664-671, 693-706, 716-767, 781-851, 860-865, 871-874, 1145-1163, 1170-1173, 1204-1233, 1269-1274, 1317-1321, 1366-1370, 1422-1424, 1471, 1478-1479, 1490-1520, 1533-1549, 1552->exit, 1560->exit, 1573, 1581-1595, 1603-1617, 1625-1639, 1647-1661, 1669-1682, 1691-1702, 1715-1722, 1729-1730, 1738-1739, 1744-1745, 1752-1753, 1760-1761, 1773-1784, 1793-1800, 1806-1810, 1819-1855, 1866-1912, 1930-1975, 1982-1985, 1988-1991, 2031, 2072, 2107, 2117->exit, 2125->exit, 2162, 2233, 2286, 2328, 2377, 2419, 2477, 2536, 2577, 2614-2615, 2657, 2693, 2729, 2787, 2861, 2901, 2954, 3087, 3114-3138, 3145-3153
pandas/errors/__init__.py                                              65      8      2      0    85%   222, 751-756, 808-809
pandas/errors/cow.py                                                    2      0      0      0   100%
pandas/io/__init__.py                                                   1      0      0      0   100%
pandas/io/_util.py                                                     56     43     26      0    16%   39-40, 59-68, 79-123, 132-169
pandas/io/api.py                                                       17      0      0      0   100%
pandas/io/clipboard/__init__.py                                       331    331     68      0     0%   46-747
pandas/io/clipboards.py                                                 9      0      0      0   100%
pandas/io/common.py                                                   443    336    192      8    18%   135-143, 146, 154, 170-172, 176->exit, 180->exit, 197-199, 203-228, 232->exit, 238->exit, 266-274, 282-284, 292, 330-479, 501-503, 543-552, 581-610, 622-624, 628->exit, 642->exit, 656->exit, 719-941, 963->exit, 966-976, 988-996, 1004-1011, 1018-1026, 1030-1033, 1044-1054, 1063-1068, 1072-1073, 1084, 1087, 1090-1092, 1095-1097, 1100-1102, 1109-1115, 1118, 1121-1131, 1138-1167, 1172-1181, 1187-1200, 1208-1220, 1242-1247, 1268-1288
pandas/io/excel/__init__.py                                             9      0      0      0   100%
pandas/io/excel/_base.py                                              407    300    186      2    18%   364->exit, 401->exit, 473-521, 536-558, 570-580, 596-598, 603-604, 627-633, 662-697, 722-797, 823-951, 1162-1182, 1190, 1195, 1253-1294, 1301, 1308, 1315, 1318, 1321-1325, 1345-1374, 1382-1386, 1390, 1398, 1402-1403, 1444-1474, 1565-1610, 1617, 1769, 1818, 1845, 1849, 1852, 1860
pandas/io/excel/_calamine.py                                           48     28     10      0    34%   59-60, 68-70, 75-77, 84-86, 93-94, 97-98, 103-124
pandas/io/excel/_odfreader.py                                         137    111     54      0    14%   49-50, 58-60, 65-67, 72, 77-80, 83-87, 90-100, 108-164, 172-174, 177-179, 182-218, 225-249
pandas/io/excel/_odswriter.py                                         141    116     56      2    14%   49-65, 74, 79-85, 91-93, 106-152, 167-174, 189-233, 243->exit, 246->exit, 261-298, 313-355
pandas/io/excel/_openpyxl.py                                          239    188     96      0    15%   58-90, 99, 104-105, 111-114, 142-152, 176-181, 211-229, 247, 274-310, 329-343, 370-383, 404-406, 424, 441-443, 454-533, 555-556, 564-566, 571-575, 582, 585-586, 589-590, 593-608, 613-642
pandas/io/excel/_pyxlsb.py                                             56     38     18      0    24%   43-46, 54-56, 61-67, 71, 74-75, 78-81, 86-95, 102-127
pandas/io/excel/_util.py                                               93     62     46      7    27%   45, 67-88, 92-95, 117-127, 151-160, 164->exit, 168->exit, 172->exit, 176->exit, 195-207, 211->exit, 215->exit, 219-232, 256-267, 291-301, 323-328
pandas/io/excel/_xlrd.py                                               60     40     18      0    26%   44-46, 54-56, 59-65, 69, 72-73, 76-77, 82-134
pandas/io/excel/_xlsxwriter.py                                         86     67     40      0    15%   106-177, 197-219, 228, 232-233, 239, 250-284
pandas/io/feather_format.py                                            34     17      4      0    45%   59-68, 132-158
pandas/io/formats/__init__.py                                           1      0      0      0   100%
pandas/io/formats/_color_data.py                                        2      2      0      0     0%   6-8
pandas/io/formats/console.py                                           33     28      4      0    14%   16-48, 64-77, 88-95
pandas/io/formats/css.py                                              137    137     60      0     0%   5-421
pandas/io/formats/csvs.py                                             169    169     52      0     0%   5-330
pandas/io/formats/excel.py                                            382    382    196      0     0%   5-942
pandas/io/formats/format.py                                           832    694    320      0    12%   208-224, 227-255, 258-297, 300, 309-351, 371-377, 404-409, 449-473, 479-485, 489, 495, 499, 503, 507, 511, 515, 519, 523, 527, 530-532, 537-542, 548-551, 554-559, 564-583, 587-594, 600-613, 623-627, 631, 634, 637, 641-651, 657-661, 671-687, 696-705, 708-752, 755-757, 768-777, 780-800, 805-841, 844-850, 859-873, 894, 934-949, 971-975, 999-1034, 1045-1050, 1061-1084, 1132-1173, 1192-1203, 1206-1207, 1210-1277, 1282-1291, 1300-1347, 1355-1477, 1480, 1485-1491, 1504-1506, 1510-1518, 1525-1551, 1588-1617, 1621-1627, 1631-1636, 1644-1651, 1660-1665, 1673-1680, 1693-1694, 1697-1700, 1714-1734, 1743-1768, 1776-1801, 1809-1813, 1824-1849, 1853-1856, 1890-1891, 1913-1952, 2020, 2041-2063, 2077-2079
pandas/io/formats/html.py                                             344    344    152      0     0%   5-650
pandas/io/formats/info.py                                             354    178     54      0    43%   321, 348-352, 359-361, 418, 422-433, 444, 457-458, 462, 474, 486, 491, 496, 500-501, 511-517, 530-531, 541-551, 555, 559, 563-565, 576-577, 587-591, 621-625, 630, 635, 640, 645, 648-650, 653-656, 662-672, 697-700, 706-712, 715-718, 735, 740, 745, 750, 755, 759, 763, 767, 771-774, 788, 791-796, 800-802, 811, 816, 821, 825, 835-840, 843, 864, 868-869, 876-877, 885-888, 899-905, 908-916, 919-926, 930-931, 935-936, 950-953, 957-965, 970-972, 975, 979, 987, 996-997, 1001-1002, 1016, 1019-1021, 1026, 1030, 1044-1048, 1062-1065, 1069-1077, 1080, 1085-1087, 1091, 1095, 1106
pandas/io/formats/printing.py                                         246    214    108      0     9%   51-64, 71-76, 112-140, 150-171, 205-247, 253-254, 258-288, 292, 333-468, 493-509, 521, 524, 530-535, 538, 543-552, 558-561, 569-577, 581-585
pandas/io/formats/string.py                                           135    135     42      0     0%   5-207
pandas/io/formats/style.py                                            598    598    302      0     0%   5-4356
pandas/io/formats/style_render.py                                     704    704    332      0     0%   1-2699
pandas/io/formats/xml.py                                              201    201     64      0     0%   5-555
pandas/io/html.py                                                     337    264    124      0    16%   86, 108-115, 134-144, 226-232, 242-243, 263, 443-468, 505-561, 579-582, 606-628, 631-632, 635, 638, 641, 644, 647-650, 653, 656-659, 662-677, 696-700, 726-727, 730, 735, 738-764, 767, 785-815, 818-833, 836-839, 842, 846-853, 857-877, 909-920, 924-925, 929-953, 967-1024, 1212-1229
pandas/io/iceberg.py                                                   31     26     14      0    11%   75-95, 133-151
pandas/io/json/__init__.py                                              3      0      0      0   100%
pandas/io/json/_json.py                                               479    363    212     12    19%   97->exit, 116->exit, 150-217, 235-248, 254-255, 277-280, 283-284, 292-297, 303-312, 338-394, 398, 402->exit, 426->exit, 450->exit, 474->exit, 773-814, 847-898, 906-921, 927, 932->exit, 935->exit, 938->exit, 945-951, 957-976, 983-1001, 1007-1026, 1035-1036, 1039, 1042->exit, 1045->exit, 1048->exit, 1053-1078, 1081, 1089, 1117-1139, 1146-1149, 1153-1158, 1168-1181, 1198-1273, 1284-1316, 1324-1331, 1334-1335, 1343-1371, 1376-1388, 1401-1417
pandas/io/json/_normalize.py                                          150    132     94      2     8%   42-46, 50->exit, 60->exit, 113-147, 173-188, 206-213, 259-266, 439-604
pandas/io/json/_table_schema.py                                       131    111     82      0     9%   83-96, 101-120, 124-152, 196-228, 300-333, 372-399
pandas/io/orc.py                                                       48     37     16      0    17%   117-134, 199-243
pandas/io/parquet.py                                                  170    137     64      0    14%   54-83, 96-146, 152-153, 164-172, 185-238, 251-286, 293-296, 309-342, 361-406, 478-499, 657-660
pandas/io/parsers/__init__.py                                           2      0      0      0   100%
pandas/io/parsers/arrow_parser_wrapper.py                             138    116     60      0    11%   39-43, 49-57, 63-142, 151-170, 173-186, 189-214, 217-233, 252-255, 258-264, 279-328
pandas/io/parsers/base_parser.py                                      413    335    214      4    13%   100-169, 172, 176-185, 212-258, 267-270, 277-303, 308-321, 325-386, 410-444, 466-557, 560->exit, 567->exit, 579-599, 617-624, 654-661, 665-699, 705-754, 764-787, 853-862, 866, 894-912, 940-962, 966->exit, 973->exit, 989-991
pandas/io/parsers/c_parser_wrapper.py                                 161    136     60      0    11%   66-174, 178-181, 190-201, 213-325, 330-333, 345-374, 384-395
pandas/io/parsers/python_parser.py                                    709    640    332      0     7%   103-184, 188-197, 200-261, 270-317, 324-339, 351-354, 361-383, 400-474, 493-548, 552-559, 564-742, 747-757, 771-805, 811-814, 826-867, 882, 885-936, 955-958, 977-1008, 1011-1029, 1047-1057, 1060-1063, 1070-1084, 1087-1090, 1108-1169, 1172-1248, 1251-1326, 1329-1333, 1336-1358, 1375-1399, 1429-1440, 1446-1462, 1465-1474, 1485-1487, 1490, 1506, 1534-1541
pandas/io/parsers/readers.py                                          505    404    276     14    15%   606->exit, 610->exit, 614->exit, 635-646, 664-670, 679-721, 725->exit, 735->exit, 745->exit, 755->exit, 838-854, 858->exit, 868->exit, 878->exit, 888->exit, 973-989, 993->exit, 1006->exit, 1019->exit, 1095-1133, 1159-1198, 1201-1203, 1206-1249, 1253-1267, 1275-1415, 1418-1422, 1429-1479, 1485-1553, 1556-1565, 1568, 1576, 1628-1629, 1634-1666, 1671-1679, 1684-1706, 1752-1819, 1830-1843, 1865-1867, 1889-1921, 1938-1942
pandas/io/pickle.py                                                    25     13      2      0    44%   103-114, 189-209
pandas/io/pytables.py                                                2251   1833    918      2    13%   145-148, 158-160, 175-184, 237-250, 274-309, 398-471, 476-485, 566-588, 591, 596-598, 602, 605, 608, 611, 615-619, 628-633, 636, 643, 651, 689-697, 702, 708-709, 722-754, 760-762, 769-771, 789-793, 822-828, 900-927, 955-959, 996-999, 1044-1120, 1206-1209, 1247-1279, 1380-1390, 1440-1504, 1537-1544, 1572-1576, 1632-1651, 1655-1667, 1671-1677, 1707-1736, 1766-1795, 1801-1802, 1807-1812, 1825-1903, 1928-1965, 1968-1970, 1974-1988, 1993-2009, 2049-2076, 2080-2092, 2095-2096, 2100-2121, 2159-2183, 2188, 2192, 2196-2198, 2213, 2219, 2224-2227, 2235-2294, 2298, 2302, 2306, 2311, 2316, 2319, 2327-2332, 2335, 2338-2343, 2348-2362, 2366-2369, 2378-2402, 2406-2408, 2412, 2416-2426, 2433-2434, 2442, 2457-2460, 2463, 2499-2513, 2517, 2521, 2538, 2544-2551, 2555, 2562-2587, 2591, 2596-2606, 2610, 2614, 2618, 2622, 2627, 2631-2638, 2658-2740, 2744-2747, 2756-2758, 2762, 2766, 2770, 2774, 2808-2814, 2818, 2823-2831, 2835, 2850-2851, 2854-2855, 2859, 2863, 2867, 2871, 2875, 2879, 2883, 2894, 2898, 2902, 2906-2908, 2918-2922, 2947-2951, 2963, 2969, 2972-3011, 3017-3023, 3030, 3034-3035, 3039-3042, 3045, 3049-3082, 3087-3094, 3099-3119, 3122-3144, 3149-3165, 3172-3221, 3226-3230, 3239-3327, 3338-3341, 3350-3371, 3374-3377, 3387-3410, 3420-3450, 3453-3471, 3524-3530, 3534, 3556-3559, 3563-3595, 3603, 3612-3620, 3625, 3630, 3634, 3639, 3643, 3647, 3651, 3656, 3660, 3665, 3675-3684, 3689, 3693, 3697-3698, 3709, 3720-3722, 3726-3735, 3739-3747, 3751-3754, 3765-3776, 3784-3855, 3887-3937, 3960-3975, 3980, 3987-4018, 4052-4260, 4271-4320, 4325-4375, 4386-4406, 4416-4432, 4446-4477, 4532-4573, 4579-4627, 4650-4676, 4682-4736, 4749, 4754-4756, 4766-4858, 4871, 4875, 4880-4883, 4892-4907, 4919-4925, 4939, 4943, 4947-4953, 4958-4988, 5005, 5009-5018, 5027-5035, 5041-5058, 5066-5067, 5082-5088, 5092-5152, 5158-5181, 5194-5260, 5279-5291, 5313-5333, 5337-5341, 5345-5350, 5358-5360, 5377-5385, 5392-5418, 5425-5443, 5465-5501, 5504->exit, 5507->exit, 5511-5530, 5536-5542, 5548-5566
pandas/io/sas/__init__.py                                               2      0      0      0   100%
pandas/io/sas/sas7bdat.py                                             395    395    114      0     0%   17-737
pandas/io/sas/sas_constants.py                                        111    111      0      0     0%   1-289
pandas/io/sas/sas_xport.py                                            209    209     44      0     0%   11-505
pandas/io/sas/sasreader.py                                             44     24     22      4    36%   43->exit, 46->exit, 49, 57, 61->exit, 74->exit, 139-185
pandas/io/spss.py                                                      19     11      6      0    32%   76-93
pandas/io/sql.py                                                      897    745    366      6    13%   100-105, 111-132, 140-153, 162-188, 201-211, 223-231, 239->exit, 253->exit, 344-366, 370->exit, 384->exit, 487-493, 506->exit, 521->exit, 690-725, 829-840, 876-877, 893-917, 944-965, 968, 971-973, 977-979, 982-995, 1009-1011, 1023-1028, 1031-1077, 1085-1123, 1136-1159, 1170-1206, 1210-1238, 1241-1252, 1255-1282, 1300-1342, 1345-1413, 1416-1447, 1456, 1459, 1486, 1503, 1507, 1511, 1522, 1546, 1562-1574, 1579-1606, 1630-1648, 1651-1652, 1656-1660, 1664-1675, 1741-1745, 1767-1785, 1852-1879, 1896-1929, 1940-1954, 2023-2048, 2052, 2055-2058, 2061-2071, 2074-2081, 2084-2091, 2101-2110, 2127, 2131-2137, 2140-2159, 2220-2245, 2302-2315, 2368-2424, 2427-2442, 2445-2447, 2474-2478, 2489-2496, 2506-2508, 2513-2537, 2540, 2543-2545, 2548-2564, 2567-2574, 2577-2580, 2588-2631, 2634-2665, 2680, 2684-2692, 2695-2714, 2728-2745, 2766-2793, 2796-2799, 2854-2880, 2883-2894, 2897, 2900-2901, 2904-2906, 2916-2925, 2957-2958
pandas/io/stata.py                                                   1567   1347    658      0    10%   287-357, 372-474, 546-645, 663-670, 675-708, 724-760, 783-791, 869-872, 884, 896, 899, 905, 913-925, 945-1036, 1119-1150, 1156-1157, 1163-1188, 1192-1193, 1201-1202, 1208-1211, 1214, 1217, 1220, 1223, 1226, 1229, 1232, 1235, 1238, 1241, 1247-1251, 1255-1306, 1312-1327, 1331-1332, 1336-1345, 1349-1355, 1358-1370, 1373-1378, 1381-1390, 1393-1402, 1405-1414, 1417-1505, 1509-1521, 1525-1542, 1546-1589, 1593-1612, 1617-1626, 1629-1656, 1659-1660, 1675-1677, 1691-1824, 1828-1887, 1890-1897, 1900-1929, 1941-2007, 2040-2041, 2048-2049, 2089-2090, 2130-2133, 2152-2170, 2174-2179, 2186-2188, 2195-2211, 2217-2227, 2247-2261, 2285-2306, 2412-2433, 2439, 2445, 2454-2478, 2485-2520, 2528-2537, 2562-2570, 2585-2643, 2646-2650, 2656-2716, 2726-2754, 2800-2847, 2857-2860, 2876, 2879-2880, 2887-2935, 2938-2939, 2944-2947, 2951-2952, 2956-2957, 2961-2969, 2973-2993, 2997, 3000-3030, 3033, 3037-3038, 3041, 3062-3081, 3090-3092, 3131-3160, 3163-3168, 3199-3219, 3250-3286, 3397-3415, 3420-3422, 3426-3427, 3435-3485, 3493-3515, 3518-3522, 3525-3533, 3536-3538, 3541-3546, 3549-3561, 3565-3593, 3596-3597, 3600-3603, 3606-3607, 3613-3619, 3622-3624, 3632-3635, 3642-3655, 3658-3669, 3792-3817, 3840-3854
[...]
pandas/tests/series/methods/test_values.py                             12     12      0      0     0%   1-27
pandas/tests/series/test_api.py                                       145    145     26      0     0%   1-278
pandas/tests/series/test_arithmetic.py                                588    588     36      0     0%   1-955
pandas/tests/series/test_arrow_interface.py                            31     31      0      0     0%   1-61
pandas/tests/series/test_constructors.py                             1340   1340     46      0     0%   1-2294
pandas/tests/series/test_cumulative.py                                 97     97      0      0     0%   9-284
pandas/tests/series/test_formats.py                                   225    225      4      0     0%   1-557
pandas/tests/series/test_iteration.py                                  23     23     12      0     0%   1-33
pandas/tests/series/test_logical_ops.py                               347    347     18      0     0%   1-548
pandas/tests/series/test_missing.py                                    53     53      0      0     0%   1-88
pandas/tests/series/test_npfuncs.py                                    25     25      0      0     0%   5-46
pandas/tests/series/test_reductions.py                                143    143      2      0     0%   1-233
pandas/tests/series/test_subclass.py                                   51     51      2      0     0%   1-82
pandas/tests/series/test_ufunc.py                                     283    283     54      0     0%   1-467
pandas/tests/series/test_unary.py                                      30     30      2      0     0%   1-50
pandas/tests/series/test_validate.py                                   10     10      2      0     0%   1-26
pandas/tests/strings/__init__.py                                       10     10      4      0     0%   1-23
pandas/tests/strings/conftest.py                                       10     10      0      0     0%   1-133
pandas/tests/strings/test_api.py                                       89     89     22      0     0%   1-216
pandas/tests/strings/test_case_justify.py                             192    192      0      0     0%   1-423
pandas/tests/strings/test_cat.py                                      221    221      8      0     0%   1-430
pandas/tests/strings/test_extract.py                                  326    326     14      0     0%   1-723
pandas/tests/strings/test_find_replace.py                             564    564     48      0     0%   1-1127
pandas/tests/strings/test_get_dummies.py                               38     38      0      0     0%   1-102
pandas/tests/strings/test_split_partition.py                          331    331      2      0     0%   1-725
pandas/tests/strings/test_string_array.py                              59     59     16      0     0%   1-112
pandas/tests/strings/test_strings.py                                  441    441     22      0     0%   1-848
pandas/tests/test_aggregation.py                                       35     35      0      0     0%   1-93
pandas/tests/test_algos.py                                           1178   1178     66      0     0%   1-2048
pandas/tests/test_col.py                                               42     42      0      0     0%   1-99
pandas/tests/test_common.py                                           122    122      2      0     0%   1-269
pandas/tests/test_downstream.py                                       161    161      8      0     0%   5-302
pandas/tests/test_errors.py                                            40     40      2      0     0%   1-144
pandas/tests/test_expressions.py                                      247    247     22      0     0%   1-464
pandas/tests/test_flags.py                                             38     38      0      0     0%   1-48
pandas/tests/test_multilevel.py                                       186    186      0      0     0%   1-376
pandas/tests/test_nanops.py                                           678    678     86      0     0%   1-1276
pandas/tests/test_nanops_additional.py                                 53      0      0      0   100%
pandas/tests/test_optional_dependency.py                               65     65      0      0     0%   1-100
pandas/tests/test_register_accessor.py                                 75     75      0      0     0%   1-123
pandas/tests/test_series_constructors_additional.py                    45      0      0      0   100%
pandas/tests/test_sorting.py                                          220    220     18      0     0%   1-487
pandas/tests/test_take.py                                             201    201      0      0     0%   1-317
pandas/tests/tools/__init__.py                                          0      0      0      0   100%
pandas/tests/tools/test_to_datetime.py                               1530   1530     70      0     0%   3-3773
pandas/tests/tools/test_to_numeric.py                                 384    384     32      0     0%   1-921
pandas/tests/tools/test_to_time.py                                     31     31      0      0     0%   1-64
pandas/tests/tools/test_to_timedelta.py                               172    172      2      0     0%   1-313
pandas/tests/tseries/__init__.py                                        0      0      0      0   100%
pandas/tests/tseries/frequencies/__init__.py                            0      0      0      0   100%
pandas/tests/tseries/frequencies/test_freq_code.py                     25     25      0      0     0%   1-69
pandas/tests/tseries/frequencies/test_frequencies.py                    7      7      0      0     0%   1-29
pandas/tests/tseries/frequencies/test_inference.py                    182    182      4      0     0%   1-544
pandas/tests/tseries/holiday/__init__.py                                0      0      0      0   100%
pandas/tests/tseries/holiday/test_calendar.py                          48     48      0      0     0%   1-119
pandas/tests/tseries/holiday/test_federal.py                           22     22      0      0     0%   1-58
pandas/tests/tseries/holiday/test_holiday.py                          100    100      2      0     0%   1-463
pandas/tests/tseries/holiday/test_observance.py                        40     40      0      0     0%   1-105
pandas/tests/tseries/offsets/__init__.py                                0      0      0      0   100%
pandas/tests/tseries/offsets/common.py                                 21     10      0      0    52%   9-16, 24-25
pandas/tests/tseries/offsets/test_business_day.py                     101    101      4      0     0%   5-237
pandas/tests/tseries/offsets/test_business_halfyear.py                 70     70      4      0     0%   7-329
pandas/tests/tseries/offsets/test_business_hour.py                    221    221     16      0     0%   5-1451
pandas/tests/tseries/offsets/test_business_month.py                    64     64      4      0     0%   7-218
pandas/tests/tseries/offsets/test_business_quarter.py                  67     67      8      0     0%   7-299
pandas/tests/tseries/offsets/test_business_year.py                     63     63      6      0     0%   7-216
pandas/tests/tseries/offsets/test_common.py                            77     77     20      0     0%   1-263
pandas/tests/tseries/offsets/test_custom_business_day.py               70     70      2      0     0%   5-99
pandas/tests/tseries/offsets/test_custom_business_hour.py             116    116      8      0     0%   5-324
pandas/tests/tseries/offsets/test_custom_business_month.py            158    158      8      0     0%   8-414
pandas/tests/tseries/offsets/test_dst.py                               81     81     20      0     0%   5-275
pandas/tests/tseries/offsets/test_easter.py                            16     16      0      0     0%   6-150
pandas/tests/tseries/offsets/test_fiscal.py                           177    177     16      0     0%   5-642
pandas/tests/tseries/offsets/test_halfyear.py                          70     70      4      0     0%   7-329
pandas/tests/tseries/offsets/test_index.py                             16     16      0      0     0%   5-58
pandas/tests/tseries/offsets/test_month.py                            144    144     12      0     0%   9-667
pandas/tests/tseries/offsets/test_offsets.py                          547    406     82      0    22%   77-104, 119, 131, 136, 144, 189-194, 197-208, 211-218, 223-227, 230-238, 241-246, 249-309, 312-321, 326-378, 383-459, 464-480, 483-515, 521-567, 570-580, 584-589, 593-594, 603-616, 621, 624-627, 630-631, 635-645, 648, 651-652, 672-673, 693-695, 716-719, 740-741, 744-745, 748-753, 770-775, 778-780, 785-794, 798-815, 821-824, 829, 832-835, 838-884, 888-892, 898-936, 945-946, 952-956, 961-963, 968-978, 984-988, 992-999, 1003-1005, 1011-1014, 1042-1050, 1054-1070, 1084-1087, 1091-1095, 1101-1105, 1120-1128, 1146-1158, 1163-1176, 1180-1224, 1230-1231
pandas/tests/tseries/offsets/test_offsets_properties.py                23     23      0      0     0%   11-73
pandas/tests/tseries/offsets/test_quarter.py                           65     65      4      0     0%   7-287
pandas/tests/tseries/offsets/test_ticks.py                            217    217     20      0     0%   5-386
pandas/tests/tseries/offsets/test_week.py                             129    129      6      0     0%   8-340
pandas/tests/tseries/offsets/test_year.py                              74     74      6      0     0%   7-340
pandas/tests/tslibs/__init__.py                                         0      0      0      0   100%
pandas/tests/tslibs/test_api.py                                         7      7      0      0     0%   3-66
pandas/tests/tslibs/test_array_to_datetime.py                         166    166      2      0     0%   1-300
pandas/tests/tslibs/test_ccalendar.py                                  25     25      0      0     0%   1-63
pandas/tests/tslibs/test_conversion.py                                 84     84      6      0     0%   1-167
pandas/tests/tslibs/test_fields.py                                     25     25      0      0     0%   1-40
pandas/tests/tslibs/test_libfrequencies.py                              7      7      0      0     0%   1-27
pandas/tests/tslibs/test_liboffsets.py                                 62     62      0      0     0%   5-172
pandas/tests/tslibs/test_np_datetime.py                               116    116      0      0     0%   1-222
pandas/tests/tslibs/test_npy_units.py                                  20     20      0      0     0%   1-27
pandas/tests/tslibs/test_parse_iso8601.py                              26     26      0      0     0%   1-119
pandas/tests/tslibs/test_parsing.py                                   139    139      4      0     0%   5-423
pandas/tests/tslibs/test_period.py                                     40     40      0      0     0%   1-123
pandas/tests/tslibs/test_resolution.py                                 25     25      0      0     0%   1-56
pandas/tests/tslibs/test_strptime.py                                   69     69      0      0     0%   1-110
pandas/tests/tslibs/test_timedeltas.py                                 71     71      0      0     0%   1-153
pandas/tests/tslibs/test_timezones.py                                  89     89      8      0     0%   1-171
pandas/tests/tslibs/test_to_offset.py                                  70     70      0      0     0%   1-242
pandas/tests/tslibs/test_tzconversion.py                               16     16      0      0     0%   1-26
pandas/tests/util/__init__.py                                           0      0      0      0   100%
pandas/tests/util/conftest.py                                          16     16      0      0     0%   1-46
pandas/tests/util/test_assert_almost_equal.py                         182    182      4      0     0%   1-586
pandas/tests/util/test_assert_attr_equal.py                            21     21      6      0     0%   1-33
pandas/tests/util/test_assert_categorical_equal.py                     45     45      2      0     0%   1-88
pandas/tests/util/test_assert_extension_array_equal.py                 58     58      6      0     0%   1-125
pandas/tests/util/test_assert_frame_equal.py                          175    175     10      0     0%   1-397
pandas/tests/util/test_assert_index_equal.py                          147    147     16      0     0%   1-319
pandas/tests/util/test_assert_interval_array_equal.py                  42     42      0      0     0%   1-100
pandas/tests/util/test_assert_numpy_array_equal.py                     91     91      8      0     0%   1-223
pandas/tests/util/test_assert_produces_warning.py                     144    144      0      0     0%   5-271
pandas/tests/util/test_assert_series_equal.py                         213    213     12      0     0%   1-509
pandas/tests/util/test_deprecate.py                                    26     26      0      0     0%   1-67
pandas/tests/util/test_deprecate_kwarg.py                              55     55      2      0     0%   1-90
pandas/tests/util/test_deprecate_nonkeyword_arguments.py               80     80      2      0     0%   5-151
pandas/tests/util/test_doc.py                                          25     25      0      0     0%   1-90
pandas/tests/util/test_hashing.py                                     174    174      0      0     0%   1-418
pandas/tests/util/test_numba.py                                         8      8      0      0     0%   1-12
pandas/tests/util/test_rewrite_warning.py                              16     16      2      0     0%   1-39
pandas/tests/util/test_shares_memory.py                                20     20      0      0     0%   1-32
pandas/tests/util/test_show_versions.py                                33     33      0      0     0%   1-81
pandas/tests/util/test_util.py                                         33     33      2      0     0%   1-58
pandas/tests/util/test_validate_args.py                                39     39      0      0     0%   1-70
pandas/tests/util/test_validate_args_and_kwargs.py                     47     47      0      0     0%   1-84
pandas/tests/util/test_validate_inclusive.py                           12     12      0      0     0%   1-40
pandas/tests/util/test_validate_kwargs.py                              37     37      0      0     0%   1-69
pandas/tests/window/__init__.py                                         0      0      0      0   100%
pandas/tests/window/conftest.py                                        48     48      0      0     0%   1-124
pandas/tests/window/moments/__init__.py                                 0      0      0      0   100%
pandas/tests/window/moments/conftest.py                                23     23      0      0     0%   1-72
pandas/tests/window/moments/test_moments_consistency_ewm.py           116    116     26      0     0%   1-243
pandas/tests/window/moments/test_moments_consistency_expanding.py      79     79     10      0     0%   1-144
pandas/tests/window/moments/test_moments_consistency_rolling.py        90     90     10      0     0%   1-244
pandas/tests/window/test_api.py                                       165    165      2      0     0%   1-385
pandas/tests/window/test_apply.py                                     163    163      2      0     0%   1-318
pandas/tests/window/test_base_indexer.py                              206    206     14      0     0%   1-519
pandas/tests/window/test_cython_aggregations.py                        41     41      0      0     0%   1-114
pandas/tests/window/test_dtypes.py                                     40     40      6      0     0%   1-173
pandas/tests/window/test_ewm.py                                       374    374     20      0     0%   1-737
pandas/tests/window/test_expanding.py                                 374    374     30      0     0%   1-830
pandas/tests/window/test_groupby.py                                   481    481      4      0     0%   1-1382
pandas/tests/window/test_numba.py                                     312    312     22      0     0%   1-648
pandas/tests/window/test_online.py                                     49     49      6      0     0%   1-112
pandas/tests/window/test_pairwise.py                                  186    186      2      0     0%   1-445
pandas/tests/window/test_rolling.py                                   725    725     54      0     0%   1-2012
pandas/tests/window/test_rolling_functions.py                         183    183      6      0     0%   1-535
pandas/tests/window/test_rolling_quantile.py                          100    100      2      0     0%   1-175
pandas/tests/window/test_rolling_skew_kurt.py                         127    127      0      0     0%   1-227
pandas/tests/window/test_timeseries_window.py                         430    430      0      0     0%   1-747
pandas/tests/window/test_win_type.py                                  185    185      0      0     0%   1-670
pandas/tseries/__init__.py                                              1      0      0      0   100%
pandas/tseries/api.py                                                   4      0      0      0   100%
pandas/tseries/frequencies.py                                         309    236    156      0    18%   79, 127-164, 173-199, 205, 211, 215, 219, 230-269, 273-274, 278-279, 283, 287, 290, 294-295, 299, 302-331, 334-342, 345-356, 359-370, 373-380, 384-394, 402-416, 421-422, 426, 430-435, 458-494, 513-552, 568-574, 578-580, 584-585, 589-590, 594-595, 599-600
pandas/tseries/holiday.py                                             220    220     88      0     0%   1-649
pandas/tseries/offsets.py                                               3      0      0      0   100%
pandas/util/__init__.py                                                19     17     10      0     7%   3-25, 29
pandas/util/_decorators.py                                            137     53     44      7    55%   64-101, 173, 180-218, 251-260, 266, 301, 328-334, 372, 377->370, 452-453, 495, 526->528
pandas/util/_doctools.py                                              116    116     34      0     0%   1-202
pandas/util/_exceptions.py                                             50     36     16      0    21%   25-34, 43-63, 87-101
pandas/util/_print_versions.py                                         54     41     10      0    20%   26-36, 43-45, 65-90, 135-161
pandas/util/_test_decorators.py                                        22      2      2      1    88%   61, 100
pandas/util/_tester.py                                                 20     13      6      0    27%   39-55
pandas/util/_validators.py                                            121     84     66      5    22%   36-44, 58-82, 120-126, 135-139, 164-166, 209-224, 257-269, 291-308, 332-341, 345->exit, 349->exit, 356-360, 386-391, 414->422, 423, 438-445, 449-451
pandas/util/version/__init__.py                                       194     77     54     12    52%   27, 30, 33, 36, 39, 42, 45, 56, 59, 62, 65, 68, 71, 74, 108, 137, 144, 149-152, 155-158, 162, 167-170, 173-176, 223, 251-276, 288, 292, 300-303, 307, 315, 324, 328, 332, 336, 340, 344, 353-371, 375-377, 387, 416, 422, 429, 436, 449
---------------------------------------------------------------------------------------------------------------
TOTAL                                                              250813 234628  38766   1002     6%
============================= slowest 30 durations =============================
0.01s setup    pandas/tests/test_nanops_additional.py::test_nansum_empty_array_edge_cases
0.01s call     pandas/tests/test_series_constructors_additional.py::test_series_constructor_empty_edge_cases

(28 durations < 0.005s hidden.  Use -vv to show these durations.)
============================= 15 passed in 36.96s ==============================
